{"/home/travis/build/npmtest/node-npmtest-node-red/test.js":{"path":"/home/travis/build/npmtest/node-npmtest-node-red/test.js","s":{"1":2,"2":2,"3":2,"4":2,"5":2,"6":2,"7":2,"8":1,"9":2,"10":2,"11":1,"12":1,"13":1,"14":1,"15":2,"16":2,"17":2,"18":2,"19":1,"20":1,"21":2,"22":2,"23":2,"24":1,"25":1,"26":1,"27":1,"28":1,"29":1,"30":1,"31":1,"32":1,"33":1,"34":1,"35":1,"36":1,"37":2,"38":2,"39":1,"40":2,"41":2,"42":1,"43":2,"44":2,"45":1,"46":2,"47":2,"48":1,"49":1,"50":1,"51":1,"52":1},"b":{"1":[2,1,1,1],"2":[1,1,1,1],"3":[1,1],"4":[1,1],"5":[1,1],"6":[1,1],"7":[1,1],"8":[1,1],"9":[1,1,1],"10":[1,1],"11":[1,1],"12":[1,1],"13":[1,1],"14":[1,1],"15":[1,1],"16":[1,1]},"f":{"1":2,"2":2,"3":2,"4":2,"5":2,"6":1,"7":1,"8":2,"9":2,"10":2,"11":2,"12":1},"fnMap":{"1":{"name":"(anonymous_1)","line":12,"loc":{"start":{"line":12,"column":1},"end":{"line":12,"column":13}}},"2":{"name":"(anonymous_2)","line":19,"loc":{"start":{"line":19,"column":5},"end":{"line":19,"column":17}}},"3":{"name":"(anonymous_3)","line":23,"loc":{"start":{"line":23,"column":24},"end":{"line":23,"column":36}}},"4":{"name":"(anonymous_4)","line":61,"loc":{"start":{"line":61,"column":5},"end":{"line":61,"column":17}}},"5":{"name":"(anonymous_5)","line":82,"loc":{"start":{"line":82,"column":5},"end":{"line":82,"column":17}}},"6":{"name":"(anonymous_6)","line":102,"loc":{"start":{"line":102,"column":83},"end":{"line":105,"column":10}},"skip":true},"7":{"name":"(anonymous_7)","line":113,"loc":{"start":{"line":113,"column":77},"end":{"line":116,"column":10}},"skip":true},"8":{"name":"(anonymous_8)","line":129,"loc":{"start":{"line":129,"column":12},"end":{"line":129,"column":40}},"skip":true},"9":{"name":"(anonymous_9)","line":137,"loc":{"start":{"line":137,"column":77},"end":{"line":140,"column":10}},"skip":true},"10":{"name":"(anonymous_10)","line":148,"loc":{"start":{"line":148,"column":83},"end":{"line":151,"column":10}},"skip":true},"11":{"name":"(anonymous_11)","line":159,"loc":{"start":{"line":159,"column":79},"end":{"line":162,"column":10}},"skip":true},"12":{"name":"(anonymous_12)","line":170,"loc":{"start":{"line":170,"column":75},"end":{"line":173,"column":10}},"skip":true}},"statementMap":{"1":{"start":{"line":12,"column":0},"end":{"line":185,"column":5}},"2":{"start":{"line":14,"column":4},"end":{"line":14,"column":14}},"3":{"start":{"line":19,"column":4},"end":{"line":56,"column":9}},"4":{"start":{"line":21,"column":8},"end":{"line":21,"column":19}},"5":{"start":{"line":23,"column":8},"end":{"line":35,"column":13}},"6":{"start":{"line":24,"column":12},"end":{"line":34,"column":13}},"7":{"start":{"line":25,"column":16},"end":{"line":28,"column":30}},"8":{"start":{"line":30,"column":16},"end":{"line":33,"column":27}},"9":{"start":{"line":37,"column":8},"end":{"line":39,"column":21}},"10":{"start":{"line":40,"column":8},"end":{"line":53,"column":9}},"11":{"start":{"line":43,"column":12},"end":{"line":46,"column":14}},"12":{"start":{"line":47,"column":12},"end":{"line":47,"column":18}},"13":{"start":{"line":50,"column":12},"end":{"line":51,"column":46}},"14":{"start":{"line":52,"column":12},"end":{"line":52,"column":18}},"15":{"start":{"line":55,"column":8},"end":{"line":55,"column":35}},"16":{"start":{"line":61,"column":4},"end":{"line":63,"column":9}},"17":{"start":{"line":62,"column":8},"end":{"line":62,"column":15}},"18":{"start":{"line":64,"column":4},"end":{"line":77,"column":5}},"19":{"start":{"line":70,"column":8},"end":{"line":70,"column":14}},"20":{"start":{"line":76,"column":8},"end":{"line":76,"column":14}},"21":{"start":{"line":82,"column":4},"end":{"line":84,"column":9}},"22":{"start":{"line":83,"column":8},"end":{"line":83,"column":15}},"23":{"start":{"line":85,"column":4},"end":{"line":184,"column":5}},"24":{"start":{"line":92,"column":8},"end":{"line":94,"column":63}},"25":{"start":{"line":95,"column":8},"end":{"line":95,"column":14}},"26":{"start":{"line":102,"column":8},"end":{"line":111,"column":10},"skip":true},"27":{"start":{"line":109,"column":12},"end":{"line":109,"column":55},"skip":true},"28":{"start":{"line":110,"column":12},"end":{"line":110,"column":48},"skip":true},"29":{"start":{"line":113,"column":8},"end":{"line":126,"column":10},"skip":true},"30":{"start":{"line":120,"column":12},"end":{"line":120,"column":76},"skip":true},"31":{"start":{"line":121,"column":12},"end":{"line":121,"column":73},"skip":true},"32":{"start":{"line":122,"column":12},"end":{"line":122,"column":74},"skip":true},"33":{"start":{"line":123,"column":12},"end":{"line":123,"column":79},"skip":true},"34":{"start":{"line":124,"column":12},"end":{"line":124,"column":25},"skip":true},"35":{"start":{"line":125,"column":12},"end":{"line":125,"column":45},"skip":true},"36":{"start":{"line":128,"column":8},"end":{"line":135,"column":14},"skip":true},"37":{"start":{"line":133,"column":16},"end":{"line":133,"column":29},"skip":true},"38":{"start":{"line":134,"column":16},"end":{"line":134,"column":55},"skip":true},"39":{"start":{"line":137,"column":8},"end":{"line":146,"column":10},"skip":true},"40":{"start":{"line":144,"column":12},"end":{"line":144,"column":25},"skip":true},"41":{"start":{"line":145,"column":12},"end":{"line":145,"column":45},"skip":true},"42":{"start":{"line":148,"column":8},"end":{"line":157,"column":10},"skip":true},"43":{"start":{"line":155,"column":12},"end":{"line":155,"column":25},"skip":true},"44":{"start":{"line":156,"column":12},"end":{"line":156,"column":48},"skip":true},"45":{"start":{"line":159,"column":8},"end":{"line":168,"column":10},"skip":true},"46":{"start":{"line":166,"column":12},"end":{"line":166,"column":25},"skip":true},"47":{"start":{"line":167,"column":12},"end":{"line":167,"column":46},"skip":true},"48":{"start":{"line":170,"column":8},"end":{"line":179,"column":10},"skip":true},"49":{"start":{"line":177,"column":12},"end":{"line":177,"column":94},"skip":true},"50":{"start":{"line":178,"column":12},"end":{"line":178,"column":48},"skip":true},"51":{"start":{"line":182,"column":8},"end":{"line":182,"column":35},"skip":true},"52":{"start":{"line":183,"column":8},"end":{"line":183,"column":14},"skip":true}},"branchMap":{"1":{"line":25,"type":"binary-expr","locations":[{"start":{"line":25,"column":23},"end":{"line":25,"column":62}},{"start":{"line":26,"column":20},"end":{"line":26,"column":70}},{"start":{"line":27,"column":20},"end":{"line":27,"column":71}},{"start":{"line":28,"column":20},"end":{"line":28,"column":29}}]},"2":{"line":30,"type":"binary-expr","locations":[{"start":{"line":30,"column":23},"end":{"line":30,"column":37}},{"start":{"line":31,"column":20},"end":{"line":31,"column":61}},{"start":{"line":32,"column":20},"end":{"line":32,"column":70}},{"start":{"line":33,"column":20},"end":{"line":33,"column":26}}]},"3":{"line":37,"type":"cond-expr","locations":[{"start":{"line":38,"column":14},"end":{"line":38,"column":20}},{"start":{"line":39,"column":14},"end":{"line":39,"column":20}}]},"4":{"line":40,"type":"switch","locations":[{"start":{"line":42,"column":8},"end":{"line":47,"column":18}},{"start":{"line":49,"column":8},"end":{"line":52,"column":18}}]},"5":{"line":44,"type":"binary-expr","locations":[{"start":{"line":44,"column":16},"end":{"line":44,"column":44}},{"start":{"line":44,"column":48},"end":{"line":44,"column":66}}]},"6":{"line":50,"type":"binary-expr","locations":[{"start":{"line":50,"column":21},"end":{"line":50,"column":49}},{"start":{"line":50,"column":53},"end":{"line":50,"column":72}}]},"7":{"line":64,"type":"switch","locations":[{"start":{"line":69,"column":4},"end":{"line":70,"column":14}},{"start":{"line":75,"column":4},"end":{"line":76,"column":14}}]},"8":{"line":85,"type":"switch","locations":[{"start":{"line":90,"column":4},"end":{"line":95,"column":14}},{"start":{"line":101,"column":4},"end":{"line":183,"column":14},"skip":true}]},"9":{"line":92,"type":"binary-expr","locations":[{"start":{"line":92,"column":18},"end":{"line":92,"column":32}},{"start":{"line":93,"column":12},"end":{"line":93,"column":53}},{"start":{"line":94,"column":12},"end":{"line":94,"column":61}}]},"10":{"line":102,"type":"binary-expr","locations":[{"start":{"line":102,"column":45},"end":{"line":102,"column":79},"skip":true},{"start":{"line":102,"column":83},"end":{"line":111,"column":9},"skip":true}]},"11":{"line":113,"type":"binary-expr","locations":[{"start":{"line":113,"column":42},"end":{"line":113,"column":73},"skip":true},{"start":{"line":113,"column":77},"end":{"line":126,"column":9},"skip":true}]},"12":{"line":128,"type":"binary-expr","locations":[{"start":{"line":128,"column":48},"end":{"line":128,"column":85},"skip":true},{"start":{"line":129,"column":12},"end":{"line":135,"column":13},"skip":true}]},"13":{"line":137,"type":"binary-expr","locations":[{"start":{"line":137,"column":42},"end":{"line":137,"column":73},"skip":true},{"start":{"line":137,"column":77},"end":{"line":146,"column":9},"skip":true}]},"14":{"line":148,"type":"binary-expr","locations":[{"start":{"line":148,"column":45},"end":{"line":148,"column":79},"skip":true},{"start":{"line":148,"column":83},"end":{"line":157,"column":9},"skip":true}]},"15":{"line":159,"type":"binary-expr","locations":[{"start":{"line":159,"column":43},"end":{"line":159,"column":75},"skip":true},{"start":{"line":159,"column":79},"end":{"line":168,"column":9},"skip":true}]},"16":{"line":170,"type":"binary-expr","locations":[{"start":{"line":170,"column":41},"end":{"line":170,"column":71},"skip":true},{"start":{"line":170,"column":75},"end":{"line":179,"column":9},"skip":true}]}},"code":["/* istanbul instrument in package npmtest_node_red */","/*jslint","    bitwise: true,","    browser: true,","    maxerr: 8,","    maxlen: 96,","    node: true,","    nomen: true,","    regexp: true,","    stupid: true","*/","(function () {","    'use strict';","    var local;","","","","    // run shared js-env code - pre-init","    (function () {","        // init local","        local = {};","        // init modeJs","        local.modeJs = (function () {","            try {","                return typeof navigator.userAgent === 'string' &&","                    typeof document.querySelector('body') === 'object' &&","                    typeof XMLHttpRequest.prototype.open === 'function' &&","                    'browser';","            } catch (errorCaughtBrowser) {","                return module.exports &&","                    typeof process.versions.node === 'string' &&","                    typeof require('http').createServer === 'function' &&","                    'node';","            }","        }());","        // init global","        local.global = local.modeJs === 'browser'","            ? window","            : global;","        switch (local.modeJs) {","        // re-init local from window.local","        case 'browser':","            local = local.global.utility2.objectSetDefault(","                local.global.utility2_rollup || local.global.local,","                local.global.utility2","            );","            break;","        // re-init local from example.js","        case 'node':","            local = (local.global.utility2_rollup || require('utility2'))","                .requireExampleJsFromReadme();","            break;","        }","        // export local","        local.global.local = local;","    }());","","","","    // run shared js-env code - function","    (function () {","        return;","    }());","    switch (local.modeJs) {","","","","    // run browser js-env code - function","    case 'browser':","        break;","","","","    // run node js-env code - function","    case 'node':","        break;","    }","","","","    // run shared js-env code - post-init","    (function () {","        return;","    }());","    switch (local.modeJs) {","","","","    // run browser js-env code - post-init","    case 'browser':","        // run tests","        local.nop(local.modeTest &&","            document.querySelector('#testRunButton1') &&","            document.querySelector('#testRunButton1').click());","        break;","","","","    // run node js-env code - post-init","    /* istanbul ignore next */","    case 'node':","        local.testCase_buildApidoc_default = local.testCase_buildApidoc_default || function (","            options,","            onError","        ) {","        /*","         * this function will test buildApidoc's default handling-behavior-behavior","         */","            options = { modulePathList: module.paths };","            local.buildApidoc(options, onError);","        };","","        local.testCase_buildApp_default = local.testCase_buildApp_default || function (","            options,","            onError","        ) {","        /*","         * this function will test buildApp's default handling-behavior-behavior","         */","            local.testCase_buildReadme_default(options, local.onErrorThrow);","            local.testCase_buildLib_default(options, local.onErrorThrow);","            local.testCase_buildTest_default(options, local.onErrorThrow);","            local.testCase_buildCustomOrg_default(options, local.onErrorThrow);","            options = [];","            local.buildApp(options, onError);","        };","","        local.testCase_buildCustomOrg_default = local.testCase_buildCustomOrg_default ||","            function (options, onError) {","            /*","             * this function will test buildCustomOrg's default handling-behavior","             */","                options = {};","                local.buildCustomOrg(options, onError);","            };","","        local.testCase_buildLib_default = local.testCase_buildLib_default || function (","            options,","            onError","        ) {","        /*","         * this function will test buildLib's default handling-behavior","         */","            options = {};","            local.buildLib(options, onError);","        };","","        local.testCase_buildReadme_default = local.testCase_buildReadme_default || function (","            options,","            onError","        ) {","        /*","         * this function will test buildReadme's default handling-behavior-behavior","         */","            options = {};","            local.buildReadme(options, onError);","        };","","        local.testCase_buildTest_default = local.testCase_buildTest_default || function (","            options,","            onError","        ) {","        /*","         * this function will test buildTest's default handling-behavior","         */","            options = {};","            local.buildTest(options, onError);","        };","","        local.testCase_webpage_default = local.testCase_webpage_default || function (","            options,","            onError","        ) {","        /*","         * this function will test webpage's default handling-behavior","         */","            options = { modeCoverageMerge: true, url: local.serverLocalHost + '?modeTest=1' };","            local.browserTest(options, onError);","        };","","        // run test-server","        local.testRunServer(local);","        break;","    }","}());",""],"l":{"12":2,"14":2,"19":2,"21":2,"23":2,"24":2,"25":2,"30":1,"37":2,"40":2,"43":1,"47":1,"50":1,"52":1,"55":2,"61":2,"62":2,"64":2,"70":1,"76":1,"82":2,"83":2,"85":2,"92":1,"95":1,"102":1,"109":1,"110":1,"113":1,"120":1,"121":1,"122":1,"123":1,"124":1,"125":1,"128":1,"133":2,"134":2,"137":1,"144":2,"145":2,"148":1,"155":2,"156":2,"159":1,"166":2,"167":2,"170":1,"177":1,"178":1,"182":1,"183":1}},"/home/travis/build/npmtest/node-npmtest-node-red/lib.npmtest_node_red.js":{"path":"/home/travis/build/npmtest/node-npmtest-node-red/lib.npmtest_node_red.js","s":{"1":2,"2":2,"3":2,"4":2,"5":2,"6":2,"7":2,"8":1,"9":2,"10":2,"11":2,"12":2,"13":1,"14":1,"15":1,"16":1},"b":{"1":[2,1,1,1],"2":[1,1,1,1],"3":[1,1],"4":[2,2],"5":[1,1]},"f":{"1":2,"2":2,"3":2},"fnMap":{"1":{"name":"(anonymous_1)","line":12,"loc":{"start":{"line":12,"column":1},"end":{"line":12,"column":13}}},"2":{"name":"(anonymous_2)","line":19,"loc":{"start":{"line":19,"column":5},"end":{"line":19,"column":17}}},"3":{"name":"(anonymous_3)","line":23,"loc":{"start":{"line":23,"column":24},"end":{"line":23,"column":36}}}},"statementMap":{"1":{"start":{"line":12,"column":0},"end":{"line":53,"column":5}},"2":{"start":{"line":14,"column":4},"end":{"line":14,"column":14}},"3":{"start":{"line":19,"column":4},"end":{"line":52,"column":9}},"4":{"start":{"line":21,"column":8},"end":{"line":21,"column":19}},"5":{"start":{"line":23,"column":8},"end":{"line":35,"column":13}},"6":{"start":{"line":24,"column":12},"end":{"line":34,"column":13}},"7":{"start":{"line":25,"column":16},"end":{"line":28,"column":30}},"8":{"start":{"line":30,"column":16},"end":{"line":33,"column":27}},"9":{"start":{"line":37,"column":8},"end":{"line":39,"column":21}},"10":{"start":{"line":41,"column":8},"end":{"line":41,"column":54}},"11":{"start":{"line":43,"column":8},"end":{"line":43,"column":53}},"12":{"start":{"line":45,"column":8},"end":{"line":51,"column":9}},"13":{"start":{"line":46,"column":12},"end":{"line":46,"column":59}},"14":{"start":{"line":48,"column":12},"end":{"line":48,"column":35}},"15":{"start":{"line":49,"column":12},"end":{"line":49,"column":49}},"16":{"start":{"line":50,"column":12},"end":{"line":50,"column":43}}},"branchMap":{"1":{"line":25,"type":"binary-expr","locations":[{"start":{"line":25,"column":23},"end":{"line":25,"column":62}},{"start":{"line":26,"column":20},"end":{"line":26,"column":70}},{"start":{"line":27,"column":20},"end":{"line":27,"column":71}},{"start":{"line":28,"column":20},"end":{"line":28,"column":29}}]},"2":{"line":30,"type":"binary-expr","locations":[{"start":{"line":30,"column":23},"end":{"line":30,"column":37}},{"start":{"line":31,"column":20},"end":{"line":31,"column":61}},{"start":{"line":32,"column":20},"end":{"line":32,"column":70}},{"start":{"line":33,"column":20},"end":{"line":33,"column":26}}]},"3":{"line":37,"type":"cond-expr","locations":[{"start":{"line":38,"column":14},"end":{"line":38,"column":20}},{"start":{"line":39,"column":14},"end":{"line":39,"column":20}}]},"4":{"line":41,"type":"binary-expr","locations":[{"start":{"line":41,"column":16},"end":{"line":41,"column":44}},{"start":{"line":41,"column":48},"end":{"line":41,"column":53}}]},"5":{"line":45,"type":"if","locations":[{"start":{"line":45,"column":8},"end":{"line":45,"column":8}},{"start":{"line":45,"column":8},"end":{"line":45,"column":8}}]}},"code":["/* istanbul instrument in package npmtest_node_red */","/*jslint","    bitwise: true,","    browser: true,","    maxerr: 8,","    maxlen: 96,","    node: true,","    nomen: true,","    regexp: true,","    stupid: true","*/","(function () {","    'use strict';","    var local;","","","","    // run shared js-env code - pre-init","    (function () {","        // init local","        local = {};","        // init modeJs","        local.modeJs = (function () {","            try {","                return typeof navigator.userAgent === 'string' &&","                    typeof document.querySelector('body') === 'object' &&","                    typeof XMLHttpRequest.prototype.open === 'function' &&","                    'browser';","            } catch (errorCaughtBrowser) {","                return module.exports &&","                    typeof process.versions.node === 'string' &&","                    typeof require('http').createServer === 'function' &&","                    'node';","            }","        }());","        // init global","        local.global = local.modeJs === 'browser'","            ? window","            : global;","        // init utility2_rollup","        local = local.global.utility2_rollup || local;","        // init lib","        local.local = local.npmtest_node_red = local;","        // init exports","        if (local.modeJs === 'browser') {","            local.global.utility2_npmtest_node_red = local;","        } else {","            module.exports = local;","            module.exports.__dirname = __dirname;","            module.exports.module = module;","        }","    }());","}());",""],"l":{"12":2,"14":2,"19":2,"21":2,"23":2,"24":2,"25":2,"30":1,"37":2,"41":2,"43":2,"45":2,"46":1,"48":1,"49":1,"50":1}},"/home/travis/build/npmtest/node-npmtest-node-red/example.js":{"path":"/home/travis/build/npmtest/node-npmtest-node-red/example.js","s":{"1":2,"2":2,"3":2,"4":2,"5":2,"6":2,"7":2,"8":1,"9":2,"10":2,"11":2,"12":2,"13":1,"14":2,"15":2,"16":2,"17":2,"18":2,"19":0,"20":2,"21":1,"22":1,"23":1,"24":1,"25":1,"26":0,"27":0,"28":1,"29":1,"30":2,"31":0,"32":0,"33":0,"34":1,"35":2,"36":2,"37":2,"38":2,"39":2,"40":2,"41":0,"42":2,"43":2,"44":2,"45":1,"46":3,"47":1,"48":1,"49":1,"50":1,"51":1,"52":1,"53":1,"54":1,"55":1,"56":1,"57":0,"58":1,"59":6,"60":6,"61":1,"62":2,"63":0,"64":2,"65":1,"66":1,"67":0,"68":0,"69":0,"70":0,"71":0,"72":0,"73":0,"74":0,"75":0,"76":0,"77":0,"78":0,"79":0,"80":0,"81":0,"82":0,"83":0},"b":{"1":[2,1,1,1],"2":[1,1,1,1],"3":[1,1],"4":[2,2],"5":[1,1],"6":[1,1],"7":[2,0],"8":[2,1,1,1,1,1],"9":[0,2,0],"10":[1,1],"11":[2,1,1],"12":[1,0],"13":[0,2],"14":[2,0,0,0,0,0,0],"15":[0,2],"16":[2,0],"17":[1,1],"18":[0,1],"19":[1,2,0,2],"20":[1,0],"21":[1,1],"22":[0,0],"23":[0,0],"24":[0,0],"25":[0,0],"26":[0,0],"27":[0,0],"28":[0,0]},"f":{"1":2,"2":2,"3":2,"4":2,"5":2,"6":2,"7":2,"8":2,"9":3,"10":1,"11":6,"12":0},"fnMap":{"1":{"name":"(anonymous_1)","line":26,"loc":{"start":{"line":26,"column":1},"end":{"line":26,"column":13}}},"2":{"name":"(anonymous_2)","line":33,"loc":{"start":{"line":33,"column":5},"end":{"line":33,"column":17}}},"3":{"name":"(anonymous_3)","line":37,"loc":{"start":{"line":37,"column":24},"end":{"line":37,"column":36}}},"4":{"name":"(anonymous_4)","line":69,"loc":{"start":{"line":69,"column":31},"end":{"line":69,"column":48}},"skip":true},"5":{"name":"(anonymous_5)","line":78,"loc":{"start":{"line":78,"column":26},"end":{"line":78,"column":45}},"skip":true},"6":{"name":"(anonymous_6)","line":123,"loc":{"start":{"line":123,"column":33},"end":{"line":123,"column":48}},"skip":true},"7":{"name":"(anonymous_7)","line":125,"loc":{"start":{"line":125,"column":27},"end":{"line":125,"column":39}},"skip":true},"8":{"name":"(anonymous_8)","line":133,"loc":{"start":{"line":133,"column":59},"end":{"line":133,"column":74}},"skip":true},"9":{"name":"(anonymous_9)","line":143,"loc":{"start":{"line":143,"column":45},"end":{"line":143,"column":62}},"skip":true},"10":{"name":"(anonymous_10)","line":144,"loc":{"start":{"line":144,"column":73},"end":{"line":144,"column":92}},"skip":true},"11":{"name":"(anonymous_11)","line":272,"loc":{"start":{"line":272,"column":51},"end":{"line":272,"column":77}},"skip":true},"12":{"name":"(anonymous_12)","line":314,"loc":{"start":{"line":314,"column":32},"end":{"line":314,"column":61}},"skip":true}},"statementMap":{"1":{"start":{"line":26,"column":0},"end":{"line":325,"column":5}},"2":{"start":{"line":28,"column":4},"end":{"line":28,"column":14}},"3":{"start":{"line":33,"column":4},"end":{"line":60,"column":9}},"4":{"start":{"line":35,"column":8},"end":{"line":35,"column":19}},"5":{"start":{"line":37,"column":8},"end":{"line":49,"column":13}},"6":{"start":{"line":38,"column":12},"end":{"line":48,"column":13}},"7":{"start":{"line":39,"column":16},"end":{"line":42,"column":30}},"8":{"start":{"line":44,"column":16},"end":{"line":47,"column":27}},"9":{"start":{"line":51,"column":8},"end":{"line":53,"column":21}},"10":{"start":{"line":55,"column":8},"end":{"line":57,"column":45}},"11":{"start":{"line":59,"column":8},"end":{"line":59,"column":35}},"12":{"start":{"line":61,"column":4},"end":{"line":324,"column":5}},"13":{"start":{"line":69,"column":8},"end":{"line":121,"column":10},"skip":true},"14":{"start":{"line":70,"column":12},"end":{"line":88,"column":13},"skip":true},"15":{"start":{"line":76,"column":16},"end":{"line":87,"column":19},"skip":true},"16":{"start":{"line":79,"column":20},"end":{"line":86,"column":21},"skip":true},"17":{"start":{"line":82,"column":24},"end":{"line":82,"column":43},"skip":true},"18":{"start":{"line":83,"column":24},"end":{"line":83,"column":30},"skip":true},"19":{"start":{"line":85,"column":24},"end":{"line":85,"column":49},"skip":true},"20":{"start":{"line":89,"column":12},"end":{"line":107,"column":13},"skip":true},"21":{"start":{"line":92,"column":16},"end":{"line":102,"column":17},"skip":true},"22":{"start":{"line":93,"column":20},"end":{"line":93,"column":86},"skip":true},"23":{"start":{"line":94,"column":20},"end":{"line":95,"column":45},"skip":true},"24":{"start":{"line":96,"column":20},"end":{"line":96,"column":42},"skip":true},"25":{"start":{"line":97,"column":20},"end":{"line":97,"column":48},"skip":true},"26":{"start":{"line":100,"column":20},"end":{"line":100,"column":85},"skip":true},"27":{"start":{"line":101,"column":20},"end":{"line":101,"column":96},"skip":true},"28":{"start":{"line":103,"column":16},"end":{"line":103,"column":22},"skip":true},"29":{"start":{"line":106,"column":16},"end":{"line":106,"column":22},"skip":true},"30":{"start":{"line":108,"column":12},"end":{"line":120,"column":13},"skip":true},"31":{"start":{"line":114,"column":16},"end":{"line":119,"column":17},"skip":true},"32":{"start":{"line":116,"column":20},"end":{"line":116,"column":78},"skip":true},"33":{"start":{"line":118,"column":20},"end":{"line":118,"column":53},"skip":true},"34":{"start":{"line":123,"column":8},"end":{"line":141,"column":11},"skip":true},"35":{"start":{"line":124,"column":12},"end":{"line":124,"column":54},"skip":true},"36":{"start":{"line":125,"column":12},"end":{"line":140,"column":14},"skip":true},"37":{"start":{"line":126,"column":16},"end":{"line":126,"column":28},"skip":true},"38":{"start":{"line":127,"column":16},"end":{"line":127,"column":69},"skip":true},"39":{"start":{"line":128,"column":16},"end":{"line":128,"column":75},"skip":true},"40":{"start":{"line":129,"column":16},"end":{"line":131,"column":17},"skip":true},"41":{"start":{"line":130,"column":20},"end":{"line":130,"column":27},"skip":true},"42":{"start":{"line":133,"column":16},"end":{"line":137,"column":36},"skip":true},"43":{"start":{"line":134,"column":20},"end":{"line":136,"column":55},"skip":true},"44":{"start":{"line":139,"column":16},"end":{"line":139,"column":57},"skip":true},"45":{"start":{"line":143,"column":8},"end":{"line":147,"column":11},"skip":true},"46":{"start":{"line":144,"column":12},"end":{"line":146,"column":15},"skip":true},"47":{"start":{"line":145,"column":16},"end":{"line":145,"column":70},"skip":true},"48":{"start":{"line":149,"column":8},"end":{"line":149,"column":31},"skip":true},"49":{"start":{"line":150,"column":8},"end":{"line":150,"column":14},"skip":true},"50":{"start":{"line":158,"column":8},"end":{"line":158,"column":31},"skip":true},"51":{"start":{"line":160,"column":8},"end":{"line":160,"column":33},"skip":true},"52":{"start":{"line":161,"column":8},"end":{"line":161,"column":37},"skip":true},"53":{"start":{"line":162,"column":8},"end":{"line":162,"column":35},"skip":true},"54":{"start":{"line":164,"column":8},"end":{"line":164,"column":50},"skip":true},"55":{"start":{"line":166,"column":8},"end":{"line":256,"column":2},"skip":true},"56":{"start":{"line":258,"column":8},"end":{"line":286,"column":9},"skip":true},"57":{"start":{"line":259,"column":12},"end":{"line":269,"column":14},"skip":true},"58":{"start":{"line":271,"column":12},"end":{"line":285,"column":19},"skip":true},"59":{"start":{"line":274,"column":20},"end":{"line":274,"column":35},"skip":true},"60":{"start":{"line":275,"column":20},"end":{"line":284,"column":21},"skip":true},"61":{"start":{"line":277,"column":24},"end":{"line":277,"column":64},"skip":true},"62":{"start":{"line":279,"column":24},"end":{"line":279,"column":40},"skip":true},"63":{"start":{"line":281,"column":24},"end":{"line":281,"column":40},"skip":true},"64":{"start":{"line":283,"column":24},"end":{"line":283,"column":39},"skip":true},"65":{"start":{"line":288,"column":8},"end":{"line":290,"column":9},"skip":true},"66":{"start":{"line":289,"column":12},"end":{"line":289,"column":18},"skip":true},"67":{"start":{"line":291,"column":8},"end":{"line":293,"column":54},"skip":true},"68":{"start":{"line":294,"column":8},"end":{"line":301,"column":37},"skip":true},"69":{"start":{"line":302,"column":8},"end":{"line":302,"column":82},"skip":true},"70":{"start":{"line":305,"column":8},"end":{"line":307,"column":9},"skip":true},"71":{"start":{"line":306,"column":12},"end":{"line":306,"column":82},"skip":true},"72":{"start":{"line":309,"column":8},"end":{"line":311,"column":9},"skip":true},"73":{"start":{"line":310,"column":12},"end":{"line":310,"column":18},"skip":true},"74":{"start":{"line":312,"column":8},"end":{"line":312,"column":54},"skip":true},"75":{"start":{"line":313,"column":8},"end":{"line":313,"column":69},"skip":true},"76":{"start":{"line":314,"column":8},"end":{"line":322,"column":36},"skip":true},"77":{"start":{"line":315,"column":12},"end":{"line":315,"column":61},"skip":true},"78":{"start":{"line":316,"column":12},"end":{"line":319,"column":13},"skip":true},"79":{"start":{"line":317,"column":16},"end":{"line":317,"column":75},"skip":true},"80":{"start":{"line":318,"column":16},"end":{"line":318,"column":23},"skip":true},"81":{"start":{"line":320,"column":12},"end":{"line":320,"column":38},"skip":true},"82":{"start":{"line":321,"column":12},"end":{"line":321,"column":27},"skip":true},"83":{"start":{"line":323,"column":8},"end":{"line":323,"column":14},"skip":true}},"branchMap":{"1":{"line":39,"type":"binary-expr","locations":[{"start":{"line":39,"column":23},"end":{"line":39,"column":62}},{"start":{"line":40,"column":20},"end":{"line":40,"column":70}},{"start":{"line":41,"column":20},"end":{"line":41,"column":71}},{"start":{"line":42,"column":20},"end":{"line":42,"column":29}}]},"2":{"line":44,"type":"binary-expr","locations":[{"start":{"line":44,"column":23},"end":{"line":44,"column":37}},{"start":{"line":45,"column":20},"end":{"line":45,"column":61}},{"start":{"line":46,"column":20},"end":{"line":46,"column":70}},{"start":{"line":47,"column":20},"end":{"line":47,"column":26}}]},"3":{"line":51,"type":"cond-expr","locations":[{"start":{"line":52,"column":14},"end":{"line":52,"column":20}},{"start":{"line":53,"column":14},"end":{"line":53,"column":20}}]},"4":{"line":55,"type":"binary-expr","locations":[{"start":{"line":55,"column":16},"end":{"line":55,"column":44}},{"start":{"line":55,"column":49},"end":{"line":57,"column":43}}]},"5":{"line":55,"type":"cond-expr","locations":[{"start":{"line":56,"column":14},"end":{"line":56,"column":52}},{"start":{"line":57,"column":14},"end":{"line":57,"column":43}}]},"6":{"line":61,"type":"switch","locations":[{"start":{"line":68,"column":4},"end":{"line":150,"column":14},"skip":true},{"start":{"line":156,"column":4},"end":{"line":323,"column":14},"skip":true}]},"7":{"line":70,"type":"if","locations":[{"start":{"line":70,"column":12},"end":{"line":70,"column":12},"skip":true},{"start":{"line":70,"column":12},"end":{"line":70,"column":12},"skip":true}]},"8":{"line":70,"type":"binary-expr","locations":[{"start":{"line":70,"column":16},"end":{"line":70,"column":22},"skip":true},{"start":{"line":70,"column":27},"end":{"line":70,"column":32},"skip":true},{"start":{"line":71,"column":20},"end":{"line":71,"column":39},"skip":true},{"start":{"line":72,"column":20},"end":{"line":72,"column":49},"skip":true},{"start":{"line":73,"column":20},"end":{"line":73,"column":58},"skip":true},{"start":{"line":74,"column":20},"end":{"line":74,"column":69},"skip":true}]},"9":{"line":79,"type":"switch","locations":[{"start":{"line":80,"column":20},"end":{"line":80,"column":33},"skip":true},{"start":{"line":81,"column":20},"end":{"line":83,"column":30},"skip":true},{"start":{"line":84,"column":20},"end":{"line":85,"column":49},"skip":true}]},"10":{"line":89,"type":"switch","locations":[{"start":{"line":90,"column":12},"end":{"line":103,"column":22},"skip":true},{"start":{"line":105,"column":12},"end":{"line":106,"column":22},"skip":true}]},"11":{"line":89,"type":"binary-expr","locations":[{"start":{"line":89,"column":20},"end":{"line":89,"column":25},"skip":true},{"start":{"line":89,"column":29},"end":{"line":89,"column":48},"skip":true},{"start":{"line":89,"column":52},"end":{"line":89,"column":74},"skip":true}]},"12":{"line":92,"type":"if","locations":[{"start":{"line":92,"column":16},"end":{"line":92,"column":16},"skip":true},{"start":{"line":92,"column":16},"end":{"line":92,"column":16},"skip":true}]},"13":{"line":108,"type":"if","locations":[{"start":{"line":108,"column":12},"end":{"line":108,"column":12},"skip":true},{"start":{"line":108,"column":12},"end":{"line":108,"column":12},"skip":true}]},"14":{"line":108,"type":"binary-expr","locations":[{"start":{"line":108,"column":16},"end":{"line":108,"column":61},"skip":true},{"start":{"line":108,"column":66},"end":{"line":108,"column":72},"skip":true},{"start":{"line":108,"column":77},"end":{"line":108,"column":82},"skip":true},{"start":{"line":109,"column":20},"end":{"line":109,"column":39},"skip":true},{"start":{"line":110,"column":20},"end":{"line":110,"column":49},"skip":true},{"start":{"line":111,"column":20},"end":{"line":111,"column":58},"skip":true},{"start":{"line":112,"column":20},"end":{"line":112,"column":68},"skip":true}]},"15":{"line":129,"type":"if","locations":[{"start":{"line":129,"column":16},"end":{"line":129,"column":16},"skip":true},{"start":{"line":129,"column":16},"end":{"line":129,"column":16},"skip":true}]},"16":{"line":134,"type":"cond-expr","locations":[{"start":{"line":135,"column":26},"end":{"line":135,"column":29},"skip":true},{"start":{"line":136,"column":26},"end":{"line":136,"column":54},"skip":true}]},"17":{"line":164,"type":"binary-expr","locations":[{"start":{"line":164,"column":27},"end":{"line":164,"column":43},"skip":true},{"start":{"line":164,"column":47},"end":{"line":164,"column":49},"skip":true}]},"18":{"line":258,"type":"if","locations":[{"start":{"line":258,"column":8},"end":{"line":258,"column":8},"skip":true},{"start":{"line":258,"column":8},"end":{"line":258,"column":8},"skip":true}]},"19":{"line":275,"type":"switch","locations":[{"start":{"line":276,"column":20},"end":{"line":277,"column":64},"skip":true},{"start":{"line":278,"column":20},"end":{"line":279,"column":40},"skip":true},{"start":{"line":280,"column":20},"end":{"line":281,"column":40},"skip":true},{"start":{"line":282,"column":20},"end":{"line":283,"column":39},"skip":true}]},"20":{"line":288,"type":"if","locations":[{"start":{"line":288,"column":8},"end":{"line":288,"column":8},"skip":true},{"start":{"line":288,"column":8},"end":{"line":288,"column":8},"skip":true}]},"21":{"line":288,"type":"binary-expr","locations":[{"start":{"line":288,"column":12},"end":{"line":288,"column":40},"skip":true},{"start":{"line":288,"column":44},"end":{"line":288,"column":67},"skip":true}]},"22":{"line":292,"type":"binary-expr","locations":[{"start":{"line":292,"column":12},"end":{"line":292,"column":50},"skip":true},{"start":{"line":293,"column":12},"end":{"line":293,"column":53},"skip":true}]},"23":{"line":295,"type":"binary-expr","locations":[{"start":{"line":295,"column":12},"end":{"line":295,"column":66},"skip":true},{"start":{"line":296,"column":12},"end":{"line":301,"column":36},"skip":true}]},"24":{"line":302,"type":"binary-expr","locations":[{"start":{"line":302,"column":43},"end":{"line":302,"column":75},"skip":true},{"start":{"line":302,"column":79},"end":{"line":302,"column":81},"skip":true}]},"25":{"line":305,"type":"if","locations":[{"start":{"line":305,"column":8},"end":{"line":305,"column":8},"skip":true},{"start":{"line":305,"column":8},"end":{"line":305,"column":8},"skip":true}]},"26":{"line":309,"type":"if","locations":[{"start":{"line":309,"column":8},"end":{"line":309,"column":8},"skip":true},{"start":{"line":309,"column":8},"end":{"line":309,"column":8},"skip":true}]},"27":{"line":312,"type":"binary-expr","locations":[{"start":{"line":312,"column":27},"end":{"line":312,"column":43},"skip":true},{"start":{"line":312,"column":47},"end":{"line":312,"column":53},"skip":true}]},"28":{"line":316,"type":"if","locations":[{"start":{"line":316,"column":12},"end":{"line":316,"column":12},"skip":true},{"start":{"line":316,"column":12},"end":{"line":316,"column":12},"skip":true}]}},"code":["/*","example.js","","quickstart example","","instruction","    1. save this script as example.js","    2. run the shell command:","        $ npm install npmtest-node-red && PORT=8081 node example.js","    3. play with the browser-demo on http://127.0.0.1:8081","*/","","","","/* istanbul instrument in package npmtest_node_red */","/*jslint","    bitwise: true,","    browser: true,","    maxerr: 8,","    maxlen: 96,","    node: true,","    nomen: true,","    regexp: true,","    stupid: true","*/","(function () {","    'use strict';","    var local;","","","","    // run shared js-env code - pre-init","    (function () {","        // init local","        local = {};","        // init modeJs","        local.modeJs = (function () {","            try {","                return typeof navigator.userAgent === 'string' &&","                    typeof document.querySelector('body') === 'object' &&","                    typeof XMLHttpRequest.prototype.open === 'function' &&","                    'browser';","            } catch (errorCaughtBrowser) {","                return module.exports &&","                    typeof process.versions.node === 'string' &&","                    typeof require('http').createServer === 'function' &&","                    'node';","            }","        }());","        // init global","        local.global = local.modeJs === 'browser'","            ? window","            : global;","        // init utility2_rollup","        local = local.global.utility2_rollup || (local.modeJs === 'browser'","            ? local.global.utility2_npmtest_node_red","            : global.utility2_moduleExports);","        // export local","        local.global.local = local;","    }());","    switch (local.modeJs) {","","","","    // post-init","    // run browser js-env code - post-init","    /* istanbul ignore next */","    case 'browser':","        local.testRunBrowser = function (event) {","            if (!event || (event &&","                    event.currentTarget &&","                    event.currentTarget.className &&","                    event.currentTarget.className.includes &&","                    event.currentTarget.className.includes('onreset'))) {","                // reset output","                Array.from(","                    document.querySelectorAll('body > .resettable')","                ).forEach(function (element) {","                    switch (element.tagName) {","                    case 'INPUT':","                    case 'TEXTAREA':","                        element.value = '';","                        break;","                    default:","                        element.textContent = '';","                    }","                });","            }","            switch (event && event.currentTarget && event.currentTarget.id) {","            case 'testRunButton1':","                // show tests","                if (document.querySelector('#testReportDiv1').style.display === 'none') {","                    document.querySelector('#testReportDiv1').style.display = 'block';","                    document.querySelector('#testRunButton1').textContent =","                        'hide internal test';","                    local.modeTest = true;","                    local.testRunDefault(local);","                // hide tests","                } else {","                    document.querySelector('#testReportDiv1').style.display = 'none';","                    document.querySelector('#testRunButton1').textContent = 'run internal test';","                }","                break;","            // custom-case","            default:","                break;","            }","            if (document.querySelector('#inputTextareaEval1') && (!event || (event &&","                    event.currentTarget &&","                    event.currentTarget.className &&","                    event.currentTarget.className.includes &&","                    event.currentTarget.className.includes('oneval')))) {","                // try to eval input-code","                try {","                    /*jslint evil: true*/","                    eval(document.querySelector('#inputTextareaEval1').value);","                } catch (errorCaught) {","                    console.error(errorCaught.stack);","                }","            }","        };","        // log stderr and stdout to #outputTextareaStdout1","        ['error', 'log'].forEach(function (key) {","            console[key + '_original'] = console[key];","            console[key] = function () {","                var element;","                console[key + '_original'].apply(console, arguments);","                element = document.querySelector('#outputTextareaStdout1');","                if (!element) {","                    return;","                }","                // append text to #outputTextareaStdout1","                element.value += Array.from(arguments).map(function (arg) {","                    return typeof arg === 'string'","                        ? arg","                        : JSON.stringify(arg, null, 4);","                }).join(' ') + '\\n';","                // scroll textarea to bottom","                element.scrollTop = element.scrollHeight;","            };","        });","        // init event-handling","        ['change', 'click', 'keyup'].forEach(function (event) {","            Array.from(document.querySelectorAll('.on' + event)).forEach(function (element) {","                element.addEventListener(event, local.testRunBrowser);","            });","        });","        // run tests","        local.testRunBrowser();","        break;","","","","    // run node js-env code - post-init","    /* istanbul ignore next */","    case 'node':","        // export local","        module.exports = local;","        // require modules","        local.fs = require('fs');","        local.http = require('http');","        local.url = require('url');","        // init assets","        local.assetsDict = local.assetsDict || {};","        /* jslint-ignore-begin */","        local.assetsDict['/assets.index.template.html'] = '\\","<!doctype html>\\n\\","<html lang=\"en\">\\n\\","<head>\\n\\","<meta charset=\"UTF-8\">\\n\\","<meta name=\"viewport\" content=\"width=device-width, initial-scale=1\">\\n\\","<title>{{env.npm_package_name}} (v{{env.npm_package_version}})</title>\\n\\","<style>\\n\\","/*csslint\\n\\","    box-sizing: false,\\n\\","    universal-selector: false\\n\\","*/\\n\\","* {\\n\\","    box-sizing: border-box;\\n\\","}\\n\\","body {\\n\\","    background: #dde;\\n\\","    font-family: Arial, Helvetica, sans-serif;\\n\\","    margin: 2rem;\\n\\","}\\n\\","body > * {\\n\\","    margin-bottom: 1rem;\\n\\","}\\n\\",".utility2FooterDiv {\\n\\","    margin-top: 20px;\\n\\","    text-align: center;\\n\\","}\\n\\","</style>\\n\\","<style>\\n\\","/*csslint\\n\\","*/\\n\\","textarea {\\n\\","    font-family: monospace;\\n\\","    height: 10rem;\\n\\","    width: 100%;\\n\\","}\\n\\","textarea[readonly] {\\n\\","    background: #ddd;\\n\\","}\\n\\","</style>\\n\\","</head>\\n\\","<body>\\n\\","<!-- utility2-comment\\n\\","<div id=\"ajaxProgressDiv1\" style=\"background: #d00; height: 2px; left: 0; margin: 0; padding: 0; position: fixed; top: 0; transition: background 0.5s, width 1.5s; width: 25%;\"></div>\\n\\","utility2-comment -->\\n\\","<h1>\\n\\","<!-- utility2-comment\\n\\","    <a\\n\\","        {{#if env.npm_package_homepage}}\\n\\","        href=\"{{env.npm_package_homepage}}\"\\n\\","        {{/if env.npm_package_homepage}}\\n\\","        target=\"_blank\"\\n\\","    >\\n\\","utility2-comment -->\\n\\","        {{env.npm_package_name}} (v{{env.npm_package_version}})\\n\\","<!-- utility2-comment\\n\\","    </a>\\n\\","utility2-comment -->\\n\\","</h1>\\n\\","<h3>{{env.npm_package_description}}</h3>\\n\\","<!-- utility2-comment\\n\\","<h4><a download href=\"assets.app.js\">download standalone app</a></h4>\\n\\","<button class=\"onclick onreset\" id=\"testRunButton1\">run internal test</button><br>\\n\\","<div id=\"testReportDiv1\" style=\"display: none;\"></div>\\n\\","utility2-comment -->\\n\\","\\n\\","\\n\\","\\n\\","<label>stderr and stdout</label>\\n\\","<textarea class=\"resettable\" id=\"outputTextareaStdout1\" readonly></textarea>\\n\\","<!-- utility2-comment\\n\\","{{#if isRollup}}\\n\\","<script src=\"assets.app.js\"></script>\\n\\","{{#unless isRollup}}\\n\\","utility2-comment -->\\n\\","<script src=\"assets.utility2.rollup.js\"></script>\\n\\","<script src=\"jsonp.utility2._stateInit?callback=window.utility2._stateInit\"></script>\\n\\","<script src=\"assets.npmtest_node_red.rollup.js\"></script>\\n\\","<script src=\"assets.example.js\"></script>\\n\\","<script src=\"assets.test.js\"></script>\\n\\","<!-- utility2-comment\\n\\","{{/if isRollup}}\\n\\","utility2-comment -->\\n\\","<div class=\"utility2FooterDiv\">\\n\\","    [ this app was created with\\n\\","    <a href=\"https://github.com/kaizhu256/node-utility2\" target=\"_blank\">utility2</a>\\n\\","    ]\\n\\","</div>\\n\\","</body>\\n\\","</html>\\n\\","';","        /* jslint-ignore-end */","        if (local.templateRender) {","            local.assetsDict['/'] = local.templateRender(","                local.assetsDict['/assets.index.template.html'],","                {","                    env: local.objectSetDefault(local.env, {","                        npm_package_description: 'the greatest app in the world!',","                        npm_package_name: 'my-app',","                        npm_package_nameAlias: 'my_app',","                        npm_package_version: '0.0.1'","                    })","                }","            );","        } else {","            local.assetsDict['/'] = local.assetsDict['/assets.index.template.html']","                .replace((/\\{\\{env\\.(\\w+?)\\}\\}/g), function (match0, match1) {","                    // jslint-hack","                    String(match0);","                    switch (match1) {","                    case 'npm_package_description':","                        return 'the greatest app in the world!';","                    case 'npm_package_name':","                        return 'my-app';","                    case 'npm_package_nameAlias':","                        return 'my_app';","                    case 'npm_package_version':","                        return '0.0.1';","                    }","                });","        }","        // run the cli","        if (local.global.utility2_rollup || module !== require.main) {","            break;","        }","        local.assetsDict['/assets.example.js'] =","            local.assetsDict['/assets.example.js'] ||","            local.fs.readFileSync(__filename, 'utf8');","        local.assetsDict['/assets.npmtest_node_red.rollup.js'] =","            local.assetsDict['/assets.npmtest_node_red.rollup.js'] ||","            local.fs.readFileSync(","                // buildCustomOrg-hack","                local.npmtest_node_red.__dirname +","                    '/lib.npmtest_node_red.js',","                'utf8'","            ).replace((/^#!/), '//');","        local.assetsDict['/favicon.ico'] = local.assetsDict['/favicon.ico'] || '';","        // if $npm_config_timeout_exit exists,","        // then exit this process after $npm_config_timeout_exit ms","        if (Number(process.env.npm_config_timeout_exit)) {","            setTimeout(process.exit, Number(process.env.npm_config_timeout_exit));","        }","        // start server","        if (local.global.utility2_serverHttp1) {","            break;","        }","        process.env.PORT = process.env.PORT || '8081';","        console.error('server starting on port ' + process.env.PORT);","        local.http.createServer(function (request, response) {","            request.urlParsed = local.url.parse(request.url);","            if (local.assetsDict[request.urlParsed.pathname] !== undefined) {","                response.end(local.assetsDict[request.urlParsed.pathname]);","                return;","            }","            response.statusCode = 404;","            response.end();","        }).listen(process.env.PORT);","        break;","    }","}());",""],"l":{"26":2,"28":2,"33":2,"35":2,"37":2,"38":2,"39":2,"44":1,"51":2,"55":2,"59":2,"61":2,"69":1,"70":2,"76":2,"79":2,"82":2,"83":2,"85":1,"89":2,"92":1,"93":1,"94":1,"96":1,"97":1,"100":1,"101":1,"103":1,"106":1,"108":2,"114":1,"116":1,"118":1,"123":1,"124":2,"125":2,"126":2,"127":2,"128":2,"129":2,"130":1,"133":2,"134":2,"139":2,"143":1,"144":3,"145":1,"149":1,"150":1,"158":1,"160":1,"161":1,"162":1,"164":1,"166":1,"258":1,"259":1,"271":1,"274":6,"275":6,"277":1,"279":2,"281":1,"283":2,"288":1,"289":1,"291":1,"294":1,"302":1,"305":1,"306":1,"309":1,"310":1,"312":1,"313":1,"314":1,"315":1,"316":1,"317":1,"318":1,"320":1,"321":1,"323":1}},"/home/travis/build/npmtest/node-npmtest-node-red/node-red/red/red.js":{"path":"/home/travis/build/npmtest/node-npmtest-node-red/node-red/red/red.js","s":{"1":1,"2":1,"3":1,"4":1,"5":1,"6":1,"7":1,"8":1,"9":1,"10":1,"11":0,"12":0,"13":0,"14":1,"15":0,"16":0,"17":0,"18":0,"19":0,"20":0,"21":1,"22":0,"23":0,"24":0,"25":0,"26":0,"27":0,"28":0,"29":0,"30":0,"31":0,"32":0,"33":0,"34":0,"35":0,"36":0,"37":0,"38":0,"39":0,"40":0,"41":0,"42":0,"43":0,"44":0,"45":0,"46":0,"47":0,"48":0,"49":0,"50":0},"b":{"1":[1,1],"2":[0,0],"3":[0,0],"4":[0,0],"5":[0,0],"6":[0,0],"7":[0,0],"8":[0,0]},"f":{"1":0,"2":0,"3":0,"4":0,"5":0,"6":0,"7":0,"8":0,"9":0,"10":0,"11":0},"fnMap":{"1":{"name":"checkVersion","line":30,"loc":{"start":{"line":30,"column":0},"end":{"line":30,"column":36}}},"2":{"name":"checkBuild","line":41,"loc":{"start":{"line":41,"column":0},"end":{"line":41,"column":22}}},"3":{"name":"(anonymous_3)","line":53,"loc":{"start":{"line":53,"column":10},"end":{"line":53,"column":44}}},"4":{"name":"(anonymous_4)","line":81,"loc":{"start":{"line":81,"column":11},"end":{"line":81,"column":22}}},"5":{"name":"(anonymous_5)","line":82,"loc":{"start":{"line":82,"column":36},"end":{"line":82,"column":47}}},"6":{"name":"(anonymous_6)","line":88,"loc":{"start":{"line":88,"column":10},"end":{"line":88,"column":21}}},"7":{"name":"(anonymous_7)","line":89,"loc":{"start":{"line":89,"column":35},"end":{"line":89,"column":46}}},"8":{"name":"(anonymous_8)","line":105,"loc":{"start":{"line":105,"column":11},"end":{"line":105,"column":14}}},"9":{"name":"(anonymous_9)","line":106,"loc":{"start":{"line":106,"column":17},"end":{"line":106,"column":20}}},"10":{"name":"(anonymous_10)","line":107,"loc":{"start":{"line":107,"column":16},"end":{"line":107,"column":19}}},"11":{"name":"(anonymous_11)","line":108,"loc":{"start":{"line":108,"column":14},"end":{"line":108,"column":17}}}},"statementMap":{"1":{"start":{"line":17,"column":0},"end":{"line":17,"column":23}},"2":{"start":{"line":18,"column":0},"end":{"line":18,"column":27}},"3":{"start":{"line":20,"column":0},"end":{"line":20,"column":35}},"4":{"start":{"line":21,"column":0},"end":{"line":21,"column":27}},"5":{"start":{"line":23,"column":0},"end":{"line":23,"column":87}},"6":{"start":{"line":25,"column":0},"end":{"line":25,"column":19}},"7":{"start":{"line":26,"column":0},"end":{"line":26,"column":20}},"8":{"start":{"line":27,"column":0},"end":{"line":27,"column":18}},"9":{"start":{"line":28,"column":0},"end":{"line":28,"column":23}},"10":{"start":{"line":30,"column":0},"end":{"line":39,"column":1}},"11":{"start":{"line":31,"column":4},"end":{"line":31,"column":35}},"12":{"start":{"line":32,"column":4},"end":{"line":38,"column":5}},"13":{"start":{"line":37,"column":8},"end":{"line":37,"column":59}},"14":{"start":{"line":41,"column":0},"end":{"line":50,"column":1}},"15":{"start":{"line":42,"column":4},"end":{"line":42,"column":89}},"16":{"start":{"line":43,"column":4},"end":{"line":49,"column":5}},"17":{"start":{"line":44,"column":8},"end":{"line":44,"column":44}},"18":{"start":{"line":46,"column":8},"end":{"line":46,"column":48}},"19":{"start":{"line":47,"column":8},"end":{"line":47,"column":29}},"20":{"start":{"line":48,"column":8},"end":{"line":48,"column":16}},"21":{"start":{"line":52,"column":0},"end":{"line":109,"column":2}},"22":{"start":{"line":54,"column":8},"end":{"line":57,"column":9}},"23":{"start":{"line":55,"column":12},"end":{"line":55,"column":38}},"24":{"start":{"line":56,"column":12},"end":{"line":56,"column":30}},"25":{"start":{"line":59,"column":8},"end":{"line":62,"column":9}},"26":{"start":{"line":60,"column":12},"end":{"line":60,"column":39}},"27":{"start":{"line":61,"column":12},"end":{"line":61,"column":25}},"28":{"start":{"line":64,"column":8},"end":{"line":66,"column":9}},"29":{"start":{"line":65,"column":12},"end":{"line":65,"column":88}},"30":{"start":{"line":68,"column":8},"end":{"line":75,"column":9}},"31":{"start":{"line":69,"column":12},"end":{"line":69,"column":43}},"32":{"start":{"line":70,"column":12},"end":{"line":70,"column":41}},"33":{"start":{"line":71,"column":12},"end":{"line":71,"column":30}},"34":{"start":{"line":73,"column":12},"end":{"line":73,"column":39}},"35":{"start":{"line":74,"column":12},"end":{"line":74,"column":31}},"36":{"start":{"line":76,"column":8},"end":{"line":76,"column":45}},"37":{"start":{"line":77,"column":8},"end":{"line":77,"column":34}},"38":{"start":{"line":78,"column":8},"end":{"line":78,"column":41}},"39":{"start":{"line":79,"column":8},"end":{"line":79,"column":15}},"40":{"start":{"line":82,"column":8},"end":{"line":86,"column":11}},"41":{"start":{"line":83,"column":12},"end":{"line":85,"column":13}},"42":{"start":{"line":84,"column":16},"end":{"line":84,"column":35}},"43":{"start":{"line":89,"column":8},"end":{"line":93,"column":10}},"44":{"start":{"line":90,"column":12},"end":{"line":92,"column":13}},"45":{"start":{"line":91,"column":16},"end":{"line":91,"column":34}},"46":{"start":{"line":105,"column":16},"end":{"line":105,"column":85}},"47":{"start":{"line":105,"column":86},"end":{"line":105,"column":105}},"48":{"start":{"line":106,"column":22},"end":{"line":106,"column":38}},"49":{"start":{"line":107,"column":21},"end":{"line":107,"column":36}},"50":{"start":{"line":108,"column":19},"end":{"line":108,"column":33}}},"branchMap":{"1":{"line":23,"type":"binary-expr","locations":[{"start":{"line":23,"column":28},"end":{"line":23,"column":53}},{"start":{"line":23,"column":57},"end":{"line":23,"column":86}}]},"2":{"line":32,"type":"if","locations":[{"start":{"line":32,"column":4},"end":{"line":32,"column":4}},{"start":{"line":32,"column":4},"end":{"line":32,"column":4}}]},"3":{"line":54,"type":"if","locations":[{"start":{"line":54,"column":8},"end":{"line":54,"column":8}},{"start":{"line":54,"column":8},"end":{"line":54,"column":8}}]},"4":{"line":59,"type":"if","locations":[{"start":{"line":59,"column":8},"end":{"line":59,"column":8}},{"start":{"line":59,"column":8},"end":{"line":59,"column":8}}]},"5":{"line":64,"type":"if","locations":[{"start":{"line":64,"column":8},"end":{"line":64,"column":8}},{"start":{"line":64,"column":8},"end":{"line":64,"column":8}}]},"6":{"line":68,"type":"if","locations":[{"start":{"line":68,"column":8},"end":{"line":68,"column":8}},{"start":{"line":68,"column":8},"end":{"line":68,"column":8}}]},"7":{"line":83,"type":"if","locations":[{"start":{"line":83,"column":12},"end":{"line":83,"column":12}},{"start":{"line":83,"column":12},"end":{"line":83,"column":12}}]},"8":{"line":90,"type":"if","locations":[{"start":{"line":90,"column":12},"end":{"line":90,"column":12}},{"start":{"line":90,"column":12},"end":{"line":90,"column":12}}]}},"code":["/**"," * Copyright JS Foundation and other contributors, http://js.foundation"," *"," * Licensed under the Apache License, Version 2.0 (the \"License\");"," * you may not use this file except in compliance with the License."," * You may obtain a copy of the License at"," *"," * http://www.apache.org/licenses/LICENSE-2.0"," *"," * Unless required by applicable law or agreed to in writing, software"," * distributed under the License is distributed on an \"AS IS\" BASIS,"," * WITHOUT WARRANTIES OR CONDITIONS OF ANY KIND, either express or implied."," * See the License for the specific language governing permissions and"," * limitations under the License."," **/","","var fs = require(\"fs\");","var path = require('path');","","var runtime = require(\"./runtime\");","var api = require(\"./api\");","","process.env.NODE_RED_HOME = process.env.NODE_RED_HOME || path.resolve(__dirname+\"/..\");","","var nodeApp = null;","var adminApp = null;","var server = null;","var apiEnabled = false;","","function checkVersion(userSettings) {","    var semver = require('semver');","    if (!semver.satisfies(process.version,\">=4.0.0\")) {","        // TODO: in the future, make this a hard error.","        // var e = new Error(\"Unsupported version of node.js\");","        // e.code = \"unsupported_version\";","        // throw e;","        userSettings.UNSUPPORTED_VERSION = process.version;","    }","}","","function checkBuild() {","    var editorFile = path.resolve(path.join(__dirname,\"..\",\"public\",\"red\",\"red.min.js\"));","    try {","        var stats = fs.statSync(editorFile);","    } catch(err) {","        var e = new Error(\"Node-RED not built\");","        e.code = \"not_built\";","        throw e;","    }","}","","module.exports = {","    init: function(httpServer,userSettings) {","        if (!userSettings) {","            userSettings = httpServer;","            httpServer = null;","        }","","        if (!userSettings.SKIP_BUILD_CHECK) {","            checkVersion(userSettings);","            checkBuild();","        }","","        if (!userSettings.coreNodesDir) {","            userSettings.coreNodesDir = path.resolve(path.join(__dirname,\"..\",\"nodes\"));","        }","","        if (userSettings.httpAdminRoot !== false) {","            runtime.init(userSettings,api);","            api.init(httpServer,runtime);","            apiEnabled = true;","        } else {","            runtime.init(userSettings);","            apiEnabled = false;","        }","        adminApp = runtime.adminApi.adminApp;","        nodeApp = runtime.nodeApp;","        server = runtime.adminApi.server;","        return;","    },","    start: function() {","        return runtime.start().then(function() {","            if (apiEnabled) {","                return api.start();","            }","        });","    },","    stop: function() {","        return runtime.stop().then(function() {","            if (apiEnabled) {","                return api.stop();","            }","        })","    },","    nodes: runtime.nodes,","    log: runtime.log,","    settings:runtime.settings,","    util: runtime.util,","    version: runtime.version,","","    comms: api.comms,","    library: api.library,","    auth: api.auth,","","    get app() { console.log(\"Deprecated use of RED.app - use RED.httpAdmin instead\"); return runtime.app },","    get httpAdmin() { return adminApp },","    get httpNode() { return nodeApp },","    get server() { return server }","};",""],"l":{"17":1,"18":1,"20":1,"21":1,"23":1,"25":1,"26":1,"27":1,"28":1,"30":1,"31":0,"32":0,"37":0,"41":1,"42":0,"43":0,"44":0,"46":0,"47":0,"48":0,"52":1,"54":0,"55":0,"56":0,"59":0,"60":0,"61":0,"64":0,"65":0,"68":0,"69":0,"70":0,"71":0,"73":0,"74":0,"76":0,"77":0,"78":0,"79":0,"82":0,"83":0,"84":0,"89":0,"90":0,"91":0,"105":0,"106":0,"107":0,"108":0}},"/home/travis/build/npmtest/node-npmtest-node-red/node-red/red/runtime/index.js":{"path":"/home/travis/build/npmtest/node-npmtest-node-red/node-red/red/runtime/index.js","s":{"1":1,"2":1,"3":1,"4":1,"5":1,"6":1,"7":1,"8":1,"9":1,"10":1,"11":1,"12":1,"13":1,"14":1,"15":1,"16":1,"17":1,"18":0,"19":0,"20":0,"21":0,"22":0,"23":0,"24":0,"25":1,"26":1,"27":0,"28":0,"29":0,"30":0,"31":0,"32":0,"33":1,"34":0,"35":0,"36":0,"37":0,"38":0,"39":0,"40":0,"41":0,"42":0,"43":0,"44":0,"45":0,"46":0,"47":0,"48":0,"49":0,"50":0,"51":0,"52":0,"53":0,"54":0,"55":0,"56":0,"57":0,"58":0,"59":0,"60":0,"61":0,"62":0,"63":0,"64":0,"65":0,"66":0,"67":0,"68":0,"69":0,"70":0,"71":0,"72":0,"73":0,"74":0,"75":0,"76":0,"77":0,"78":0,"79":0,"80":0,"81":0,"82":1,"83":0,"84":0,"85":0,"86":0,"87":1,"88":0,"89":0,"90":0,"91":0,"92":0,"93":1,"94":0,"95":0,"96":0},"b":{"1":[0,0],"2":[0,0],"3":[0,0],"4":[0,0],"5":[0,0],"6":[0,0],"7":[0,0,0,0],"8":[0,0],"9":[0,0],"10":[0,0],"11":[0,0],"12":[0,0],"13":[0,0],"14":[0,0],"15":[0,0],"16":[0,0]},"f":{"1":0,"2":0,"3":0,"4":0,"5":0,"6":0,"7":0,"8":0,"9":0,"10":0,"11":0,"12":0,"13":0,"14":0,"15":0,"16":0,"17":0,"18":0,"19":0,"20":0,"21":0,"22":0,"23":0,"24":0,"25":0},"fnMap":{"1":{"name":"(anonymous_1)","line":36,"loc":{"start":{"line":36,"column":9},"end":{"line":36,"column":20}}},"2":{"name":"(anonymous_2)","line":37,"loc":{"start":{"line":37,"column":10},"end":{"line":37,"column":21}}},"3":{"name":"(anonymous_3)","line":38,"loc":{"start":{"line":38,"column":9},"end":{"line":38,"column":20}}},"4":{"name":"(anonymous_4)","line":39,"loc":{"start":{"line":39,"column":12},"end":{"line":39,"column":23}}},"5":{"name":"(anonymous_5)","line":43,"loc":{"start":{"line":43,"column":18},"end":{"line":43,"column":29}}},"6":{"name":"(anonymous_6)","line":46,"loc":{"start":{"line":46,"column":25},"end":{"line":46,"column":36}}},"7":{"name":"(anonymous_7)","line":49,"loc":{"start":{"line":49,"column":17},"end":{"line":49,"column":28}}},"8":{"name":"init","line":57,"loc":{"start":{"line":57,"column":0},"end":{"line":57,"column":38}}},"9":{"name":"getVersion","line":72,"loc":{"start":{"line":72,"column":0},"end":{"line":72,"column":22}}},"10":{"name":"start","line":86,"loc":{"start":{"line":86,"column":0},"end":{"line":86,"column":17}}},"11":{"name":"(anonymous_11)","line":88,"loc":{"start":{"line":88,"column":14},"end":{"line":88,"column":25}}},"12":{"name":"(anonymous_12)","line":91,"loc":{"start":{"line":91,"column":14},"end":{"line":91,"column":25}}},"13":{"name":"(anonymous_13)","line":92,"loc":{"start":{"line":92,"column":14},"end":{"line":92,"column":25}}},"14":{"name":"(anonymous_14)","line":93,"loc":{"start":{"line":93,"column":14},"end":{"line":93,"column":25}}},"15":{"name":"(anonymous_15)","line":96,"loc":{"start":{"line":96,"column":52},"end":{"line":96,"column":63}}},"16":{"name":"(anonymous_16)","line":112,"loc":{"start":{"line":112,"column":40},"end":{"line":112,"column":51}}},"17":{"name":"(anonymous_17)","line":115,"loc":{"start":{"line":115,"column":54},"end":{"line":115,"column":66}}},"18":{"name":"(anonymous_18)","line":116,"loc":{"start":{"line":116,"column":55},"end":{"line":116,"column":67}}},"19":{"name":"(anonymous_19)","line":136,"loc":{"start":{"line":136,"column":68},"end":{"line":136,"column":82}}},"20":{"name":"(anonymous_20)","line":153,"loc":{"start":{"line":153,"column":25},"end":{"line":153,"column":39}}},"21":{"name":"reportMetrics","line":159,"loc":{"start":{"line":159,"column":0},"end":{"line":159,"column":25}}},"22":{"name":"stop","line":179,"loc":{"start":{"line":179,"column":0},"end":{"line":179,"column":16}}},"23":{"name":"(anonymous_23)","line":202,"loc":{"start":{"line":202,"column":16},"end":{"line":202,"column":19}}},"24":{"name":"(anonymous_24)","line":203,"loc":{"start":{"line":203,"column":15},"end":{"line":203,"column":18}}},"25":{"name":"(anonymous_25)","line":204,"loc":{"start":{"line":204,"column":15},"end":{"line":204,"column":26}}}},"statementMap":{"1":{"start":{"line":17,"column":0},"end":{"line":17,"column":27}},"2":{"start":{"line":19,"column":0},"end":{"line":19,"column":34}},"3":{"start":{"line":20,"column":0},"end":{"line":20,"column":35}},"4":{"start":{"line":21,"column":0},"end":{"line":21,"column":27}},"5":{"start":{"line":22,"column":0},"end":{"line":22,"column":29}},"6":{"start":{"line":23,"column":0},"end":{"line":23,"column":33}},"7":{"start":{"line":24,"column":0},"end":{"line":24,"column":37}},"8":{"start":{"line":26,"column":0},"end":{"line":26,"column":33}},"9":{"start":{"line":27,"column":0},"end":{"line":27,"column":27}},"10":{"start":{"line":28,"column":0},"end":{"line":28,"column":23}},"11":{"start":{"line":29,"column":0},"end":{"line":29,"column":23}},"12":{"start":{"line":31,"column":0},"end":{"line":31,"column":33}},"13":{"start":{"line":33,"column":0},"end":{"line":33,"column":20}},"14":{"start":{"line":35,"column":0},"end":{"line":40,"column":1}},"15":{"start":{"line":41,"column":0},"end":{"line":53,"column":1}},"16":{"start":{"line":55,"column":0},"end":{"line":55,"column":12}},"17":{"start":{"line":57,"column":0},"end":{"line":68,"column":1}},"18":{"start":{"line":58,"column":4},"end":{"line":58,"column":40}},"19":{"start":{"line":59,"column":4},"end":{"line":59,"column":27}},"20":{"start":{"line":60,"column":4},"end":{"line":60,"column":32}},"21":{"start":{"line":62,"column":4},"end":{"line":62,"column":24}},"22":{"start":{"line":64,"column":4},"end":{"line":66,"column":5}},"23":{"start":{"line":65,"column":8},"end":{"line":65,"column":29}},"24":{"start":{"line":67,"column":4},"end":{"line":67,"column":27}},"25":{"start":{"line":70,"column":0},"end":{"line":70,"column":12}},"26":{"start":{"line":72,"column":0},"end":{"line":84,"column":1}},"27":{"start":{"line":73,"column":4},"end":{"line":82,"column":5}},"28":{"start":{"line":74,"column":8},"end":{"line":74,"column":81}},"29":{"start":{"line":76,"column":8},"end":{"line":81,"column":9}},"30":{"start":{"line":77,"column":12},"end":{"line":77,"column":63}},"31":{"start":{"line":78,"column":12},"end":{"line":78,"column":30}},"32":{"start":{"line":83,"column":4},"end":{"line":83,"column":19}},"33":{"start":{"line":86,"column":0},"end":{"line":157,"column":1}},"34":{"start":{"line":87,"column":4},"end":{"line":156,"column":11}},"35":{"start":{"line":89,"column":12},"end":{"line":89,"column":117}},"36":{"start":{"line":91,"column":27},"end":{"line":91,"column":55}},"37":{"start":{"line":92,"column":27},"end":{"line":92,"column":56}},"38":{"start":{"line":95,"column":12},"end":{"line":99,"column":13}},"39":{"start":{"line":96,"column":16},"end":{"line":98,"column":58}},"40":{"start":{"line":97,"column":20},"end":{"line":97,"column":36}},"41":{"start":{"line":100,"column":12},"end":{"line":100,"column":80}},"42":{"start":{"line":101,"column":12},"end":{"line":103,"column":13}},"43":{"start":{"line":102,"column":16},"end":{"line":102,"column":103}},"44":{"start":{"line":104,"column":12},"end":{"line":104,"column":94}},"45":{"start":{"line":105,"column":12},"end":{"line":110,"column":13}},"46":{"start":{"line":106,"column":16},"end":{"line":106,"column":95}},"47":{"start":{"line":107,"column":16},"end":{"line":107,"column":136}},"48":{"start":{"line":108,"column":16},"end":{"line":108,"column":95}},"49":{"start":{"line":109,"column":16},"end":{"line":109,"column":139}},"50":{"start":{"line":111,"column":12},"end":{"line":111,"column":83}},"51":{"start":{"line":112,"column":12},"end":{"line":155,"column":15}},"52":{"start":{"line":114,"column":16},"end":{"line":114,"column":22}},"53":{"start":{"line":115,"column":16},"end":{"line":115,"column":90}},"54":{"start":{"line":115,"column":68},"end":{"line":115,"column":87}},"55":{"start":{"line":116,"column":16},"end":{"line":116,"column":124}},"56":{"start":{"line":116,"column":69},"end":{"line":116,"column":121}},"57":{"start":{"line":117,"column":16},"end":{"line":123,"column":17}},"58":{"start":{"line":118,"column":20},"end":{"line":118,"column":87}},"59":{"start":{"line":119,"column":20},"end":{"line":121,"column":21}},"60":{"start":{"line":120,"column":24},"end":{"line":120,"column":80}},"61":{"start":{"line":122,"column":20},"end":{"line":122,"column":87}},"62":{"start":{"line":124,"column":16},"end":{"line":147,"column":17}},"63":{"start":{"line":125,"column":20},"end":{"line":125,"column":62}},"64":{"start":{"line":126,"column":20},"end":{"line":126,"column":44}},"65":{"start":{"line":127,"column":20},"end":{"line":130,"column":21}},"66":{"start":{"line":128,"column":24},"end":{"line":128,"column":53}},"67":{"start":{"line":129,"column":24},"end":{"line":129,"column":116}},"68":{"start":{"line":131,"column":20},"end":{"line":131,"column":38}},"69":{"start":{"line":132,"column":20},"end":{"line":142,"column":21}},"70":{"start":{"line":133,"column":24},"end":{"line":141,"column":25}},"71":{"start":{"line":134,"column":28},"end":{"line":134,"column":80}},"72":{"start":{"line":135,"column":28},"end":{"line":140,"column":29}},"73":{"start":{"line":136,"column":32},"end":{"line":139,"column":35}},"74":{"start":{"line":143,"column":20},"end":{"line":146,"column":21}},"75":{"start":{"line":144,"column":24},"end":{"line":144,"column":67}},"76":{"start":{"line":145,"column":24},"end":{"line":145,"column":51}},"77":{"start":{"line":148,"column":16},"end":{"line":150,"column":17}},"78":{"start":{"line":149,"column":20},"end":{"line":149,"column":91}},"79":{"start":{"line":151,"column":16},"end":{"line":151,"column":63}},"80":{"start":{"line":152,"column":16},"end":{"line":152,"column":31}},"81":{"start":{"line":154,"column":16},"end":{"line":154,"column":33}},"82":{"start":{"line":159,"column":0},"end":{"line":177,"column":1}},"83":{"start":{"line":160,"column":4},"end":{"line":160,"column":41}},"84":{"start":{"line":162,"column":4},"end":{"line":166,"column":7}},"85":{"start":{"line":167,"column":4},"end":{"line":171,"column":7}},"86":{"start":{"line":172,"column":4},"end":{"line":176,"column":7}},"87":{"start":{"line":179,"column":0},"end":{"line":186,"column":1}},"88":{"start":{"line":180,"column":4},"end":{"line":183,"column":5}},"89":{"start":{"line":181,"column":8},"end":{"line":181,"column":45}},"90":{"start":{"line":182,"column":8},"end":{"line":182,"column":37}},"91":{"start":{"line":184,"column":4},"end":{"line":184,"column":20}},"92":{"start":{"line":185,"column":4},"end":{"line":185,"column":32}},"93":{"start":{"line":188,"column":0},"end":{"line":207,"column":1}},"94":{"start":{"line":202,"column":21},"end":{"line":202,"column":37}},"95":{"start":{"line":203,"column":20},"end":{"line":203,"column":35}},"96":{"start":{"line":205,"column":8},"end":{"line":205,"column":23}}},"branchMap":{"1":{"line":64,"type":"if","locations":[{"start":{"line":64,"column":4},"end":{"line":64,"column":4}},{"start":{"line":64,"column":4},"end":{"line":64,"column":4}}]},"2":{"line":73,"type":"if","locations":[{"start":{"line":73,"column":4},"end":{"line":73,"column":4}},{"start":{"line":73,"column":4},"end":{"line":73,"column":4}}]},"3":{"line":95,"type":"if","locations":[{"start":{"line":95,"column":12},"end":{"line":95,"column":12}},{"start":{"line":95,"column":12},"end":{"line":95,"column":12}}]},"4":{"line":98,"type":"binary-expr","locations":[{"start":{"line":98,"column":19},"end":{"line":98,"column":49}},{"start":{"line":98,"column":51},"end":{"line":98,"column":56}}]},"5":{"line":101,"type":"if","locations":[{"start":{"line":101,"column":12},"end":{"line":101,"column":12}},{"start":{"line":101,"column":12},"end":{"line":101,"column":12}}]},"6":{"line":105,"type":"if","locations":[{"start":{"line":105,"column":12},"end":{"line":105,"column":12}},{"start":{"line":105,"column":12},"end":{"line":105,"column":12}}]},"7":{"line":116,"type":"binary-expr","locations":[{"start":{"line":116,"column":76},"end":{"line":116,"column":84}},{"start":{"line":116,"column":88},"end":{"line":116,"column":97}},{"start":{"line":116,"column":101},"end":{"line":116,"column":110}},{"start":{"line":116,"column":114},"end":{"line":116,"column":120}}]},"8":{"line":117,"type":"if","locations":[{"start":{"line":117,"column":16},"end":{"line":117,"column":16}},{"start":{"line":117,"column":16},"end":{"line":117,"column":16}}]},"9":{"line":124,"type":"if","locations":[{"start":{"line":124,"column":16},"end":{"line":124,"column":16}},{"start":{"line":124,"column":16},"end":{"line":124,"column":16}}]},"10":{"line":129,"type":"binary-expr","locations":[{"start":{"line":129,"column":58},"end":{"line":129,"column":88}},{"start":{"line":129,"column":90},"end":{"line":129,"column":92}}]},"11":{"line":133,"type":"if","locations":[{"start":{"line":133,"column":24},"end":{"line":133,"column":24}},{"start":{"line":133,"column":24},"end":{"line":133,"column":24}}]},"12":{"line":135,"type":"if","locations":[{"start":{"line":135,"column":28},"end":{"line":135,"column":28}},{"start":{"line":135,"column":28},"end":{"line":135,"column":28}}]},"13":{"line":135,"type":"binary-expr","locations":[{"start":{"line":135,"column":32},"end":{"line":135,"column":59}},{"start":{"line":135,"column":63},"end":{"line":135,"column":78}}]},"14":{"line":143,"type":"if","locations":[{"start":{"line":143,"column":20},"end":{"line":143,"column":20}},{"start":{"line":143,"column":20},"end":{"line":143,"column":20}}]},"15":{"line":148,"type":"if","locations":[{"start":{"line":148,"column":16},"end":{"line":148,"column":16}},{"start":{"line":148,"column":16},"end":{"line":148,"column":16}}]},"16":{"line":180,"type":"if","locations":[{"start":{"line":180,"column":4},"end":{"line":180,"column":4}},{"start":{"line":180,"column":4},"end":{"line":180,"column":4}}]}},"code":["/**"," * Copyright JS Foundation and other contributors, http://js.foundation"," *"," * Licensed under the Apache License, Version 2.0 (the \"License\");"," * you may not use this file except in compliance with the License."," * You may obtain a copy of the License at"," *"," * http://www.apache.org/licenses/LICENSE-2.0"," *"," * Unless required by applicable law or agreed to in writing, software"," * distributed under the License is distributed on an \"AS IS\" BASIS,"," * WITHOUT WARRANTIES OR CONDITIONS OF ANY KIND, either express or implied."," * See the License for the specific language governing permissions and"," * limitations under the License."," **/","","var when = require('when');","","var redNodes = require(\"./nodes\");","var storage = require(\"./storage\");","var log = require(\"./log\");","var i18n = require(\"./i18n\");","var events = require(\"./events\");","var settings = require(\"./settings\");","","var express = require(\"express\");","var path = require('path');","var fs = require(\"fs\");","var os = require(\"os\");","","var runtimeMetricInterval = null;","","var started = false;","","var stubbedExpressApp = {","    get: function() {},","    post: function() {},","    put: function() {},","    delete: function() {}","}","var adminApi = {","    library: {","        register: function() {}","    },","    auth: {","        needsPermission: function() {}","    },","    comms: {","        publish: function() {}","    },","    adminApp: stubbedExpressApp,","    server: {}","}","","var nodeApp;","","function init(userSettings,_adminApi) {","    userSettings.version = getVersion();","    log.init(userSettings);","    settings.init(userSettings);","","    nodeApp = express();","","    if (_adminApi) {","        adminApi = _adminApi;","    }","    redNodes.init(runtime);","}","","var version;","","function getVersion() {","    if (!version) {","        version = require(path.join(__dirname,\"..\",\"..\",\"package.json\")).version;","        /* istanbul ignore else */","        try {","            fs.statSync(path.join(__dirname,\"..\",\"..\",\".git\"));","            version += \"-git\";","        } catch(err) {","            // No git directory","        }","    }","    return version;","}","","function start() {","    return i18n.init()","        .then(function() {","            return i18n.registerMessageCatalog(\"runtime\",path.resolve(path.join(__dirname,\"locales\")),\"runtime.json\")","        })","        .then(function() { return storage.init(runtime)})","        .then(function() { return settings.load(storage)})","        .then(function() {","","            if (log.metric()) {","                runtimeMetricInterval = setInterval(function() {","                    reportMetrics();","                }, settings.runtimeMetricInterval||15000);","            }","            log.info(\"\\n\\n\"+log._(\"runtime.welcome\")+\"\\n===================\\n\");","            if (settings.version) {","                log.info(log._(\"runtime.version\",{component:\"Node-RED\",version:\"v\"+settings.version}));","            }","            log.info(log._(\"runtime.version\",{component:\"Node.js \",version:process.version}));","            if (settings.UNSUPPORTED_VERSION) {","                log.error(\"*****************************************************************\");","                log.error(\"* \"+log._(\"runtime.unsupported_version\",{component:\"Node.js\",version:process.version,requires: \">=4\"})+\" *\");","                log.error(\"*****************************************************************\");","                events.emit(\"runtime-event\",{id:\"runtime-unsupported-version\",type:\"error\",text:\"notification.errors.unsupportedVersion\"});","            }","            log.info(os.type()+\" \"+os.release()+\" \"+os.arch()+\" \"+os.endianness());","            return redNodes.load().then(function() {","","                var i;","                var nodeErrors = redNodes.getNodeList(function(n) { return n.err!=null;});","                var nodeMissing = redNodes.getNodeList(function(n) { return n.module && n.enabled && !n.loaded && !n.err;});","                if (nodeErrors.length > 0) {","                    log.warn(\"------------------------------------------------------\");","                    for (i=0;i<nodeErrors.length;i+=1) {","                        log.warn(\"[\"+nodeErrors[i].name+\"] \"+nodeErrors[i].err);","                    }","                    log.warn(\"------------------------------------------------------\");","                }","                if (nodeMissing.length > 0) {","                    log.warn(log._(\"server.missing-modules\"));","                    var missingModules = {};","                    for (i=0;i<nodeMissing.length;i++) {","                        var missing = nodeMissing[i];","                        missingModules[missing.module] = (missingModules[missing.module]||[]).concat(missing.types);","                    }","                    var promises = [];","                    for (i in missingModules) {","                        if (missingModules.hasOwnProperty(i)) {","                            log.warn(\" - \"+i+\": \"+missingModules[i].join(\", \"));","                            if (settings.autoInstallModules && i != \"node-red\") {","                                redNodes.installModule(i).otherwise(function(err) {","                                    // Error already reported. Need the otherwise handler","                                    // to stop the error propagating any further","                                });","                            }","                        }","                    }","                    if (!settings.autoInstallModules) {","                        log.info(log._(\"server.removing-modules\"));","                        redNodes.cleanModuleList();","                    }","                }","                if (settings.settingsFile) {","                    log.info(log._(\"runtime.paths.settings\",{path:settings.settingsFile}));","                }","                redNodes.loadFlows().then(redNodes.startFlows);","                started = true;","            }).otherwise(function(err) {","                console.log(err);","            });","        });","}","","function reportMetrics() {","    var memUsage = process.memoryUsage();","","    log.log({","        level: log.METRIC,","        event: \"runtime.memory.rss\",","        value: memUsage.rss","    });","    log.log({","        level: log.METRIC,","        event: \"runtime.memory.heapTotal\",","        value: memUsage.heapTotal","    });","    log.log({","        level: log.METRIC,","        event
[...]
    } else {","        api.default = getDefaultUser;","    }","}","","module.exports = {","    init: init,","    get: function(username) { return api.get(username) },","    authenticate: function(username,password) { return api.authenticate(username,password) },","    default: function() { return api.default(); }","};",""],"l":{"17":1,"18":1,"19":1,"20":1,"21":0,"22":1,"23":1,"24":1,"26":1,"27":0,"28":0,"29":0,"30":0,"31":0,"35":0,"37":1,"38":0,"40":1,"41":0,"44":1,"50":1,"51":0,"52":0,"53":0,"54":0,"55":0,"56":0,"57":0,"59":0,"61":0,"62":0,"64":0,"65":0,"66":0,"70":0,"74":0,"75":0,"77":0,"80":0,"81":0,"82":0,"84":0,"85":0,"92":0,"96":1,"98":0,"99":0,"100":0}},"/home/travis/build/npmtest/node-npmtest-node-red/node-red/red/api/auth/clients.js":{"path":"/home/travis/build/npmtest/node-npmtest-node-red/node-red/red/api/auth/clients.js","s":{"1":1,"2":1,"3":1,"4":0,"5":0,"6":0,"7":0},"b":{"1":[0,0]},"f":{"1":0},"fnMap":{"1":{"name":"(anonymous_1)","line":25,"loc":{"start":{"line":25,"column":9},"end":{"line":25,"column":22}}}},"statementMap":{"1":{"start":{"line":17,"column":0},"end":{"line":17,"column":27}},"2":{"start":{"line":19,"column":0},"end":{"line":22,"column":2}},"3":{"start":{"line":24,"column":0},"end":{"line":33,"column":1}},"4":{"start":{"line":26,"column":8},"end":{"line":30,"column":9}},"5":{"start":{"line":27,"column":12},"end":{"line":29,"column":13}},"6":{"start":{"line":28,"column":16},"end":{"line":28,"column":48}},"7":{"start":{"line":31,"column":8},"end":{"line":31,"column":34}}},"branchMap":{"1":{"line":27,"type":"if","locations":[{"start":{"line":27,"column":12},"end":{"line":27,"column":12}},{"start":{"line":27,"column":12},"end":{"line":27,"column":12}}]}},"code":["/**"," * Copyright JS Foundation and other contributors, http://js.foundation"," *"," * Licensed under the Apache License, Version 2.0 (the \"License\");"," * you may not use this file except in compliance with the License."," * You may obtain a copy of the License at"," *"," * http://www.apache.org/licenses/LICENSE-2.0"," *"," * Unless required by applicable law or agreed to in writing, software"," * distributed under the License is distributed on an \"AS IS\" BASIS,"," * WITHOUT WARRANTIES OR CONDITIONS OF ANY KIND, either express or implied."," * See the License for the specific language governing permissions and"," * limitations under the License."," **/"," ","var when = require(\"when\");","","var clients = [","    {id:\"node-red-editor\",secret:\"not_available\"},","    {id:\"node-red-admin\",secret:\"not_available\"}","];","","module.exports = {","    get: function(id) {","        for (var i=0;i<clients.length;i++) {","            if (clients[i].id == id) {","                return when.resolve(clients[i]);","            }","        }","        return when.resolve(null);","    }","}",""],"l":{"17":1,"19":1,"24":1,"26":0,"27":0,"28":0,"31":0}},"/home/travis/build/npmtest/node-npmtest-node-red/node-red/red/api/auth/permissions.js":{"path":"/home/travis/build/npmtest/node-npmtest-node-red/node-red/red/api/auth/permissions.js","s":{"1":1,"2":1,"3":1,"4":1,"5":0,"6":0,"7":0,"8":0,"9":0,"10":0,"11":0,"12":0,"13":0,"14":0,"15":0,"16":0,"17":0,"18":0,"19":0,"20":0,"21":0,"22":0,"23":0,"24":0,"25":0,"26":0,"27":1},"b":{"1":[0,0],"2":[0,0],"3":[0,0],"4":[0,0],"5":[0,0],"6":[0,0],"7":[0,0],"8":[0,0],"9":[0,0],"10":[0,0],"11":[0,0],"12":[0,0]},"f":{"1":0},"fnMap":{"1":{"name":"hasPermission","line":22,"loc":{"start":{"line":22,"column":0},"end":{"line":22,"column":45}}}},"statementMap":{"1":{"start":{"line":17,"column":0},"end":{"line":17,"column":27}},"2":{"start":{"line":19,"column":0},"end":{"line":19,"column":30}},"3":{"start":{"line":20,"column":0},"end":{"line":20,"column":32}},"4":{"start":{"line":22,"column":0},"end":{"line":61,"column":1}},"5":{"start":{"line":23,"column":4},"end":{"line":25,"column":5}},"6":{"start":{"line":24,"column":8},"end":{"line":24,"column":20}},"7":{"start":{"line":26,"column":4},"end":{"line":26,"column":10}},"8":{"start":{"line":28,"column":4},"end":{"line":37,"column":5}},"9":{"start":{"line":30,"column":8},"end":{"line":34,"column":9}},"10":{"start":{"line":31,"column":12},"end":{"line":33,"column":13}},"11":{"start":{"line":32,"column":16},"end":{"line":32,"column":29}},"12":{"start":{"line":36,"column":8},"end":{"line":36,"column":20}},"13":{"start":{"line":39,"column":4},"end":{"line":49,"column":5}},"14":{"start":{"line":40,"column":8},"end":{"line":42,"column":9}},"15":{"start":{"line":41,"column":12},"end":{"line":41,"column":25}},"16":{"start":{"line":43,"column":8},"end":{"line":47,"column":9}},"17":{"start":{"line":44,"column":12},"end":{"line":46,"column":13}},"18":{"start":{"line":45,"column":16},"end":{"line":45,"column":28}},"19":{"start":{"line":48,"column":8},"end":{"line":48,"column":21}},"20":{"start":{"line":51,"column":4},"end":{"line":53,"column":5}},"21":{"start":{"line":52,"column":8},"end":{"line":52,"column":20}},"22":{"start":{"line":55,"column":4},"end":{"line":59,"column":5}},"23":{"start":{"line":56,"column":8},"end":{"line":56,"column":39}},"24":{"start":{"line":57,"column":11},"end":{"line":59,"column":5}},"25":{"start":{"line":58,"column":8},"end":{"line":58,"column":40}},"26":{"start":{"line":60,"column":4},"end":{"line":60,"column":17}},"27":{"start":{"line":63,"column":0},"end":{"line":65,"column":1}}},"branchMap":{"1":{"line":23,"type":"if","locations":[{"start":{"line":23,"column":4},"end":{"line":23,"column":4}},{"start":{"line":23,"column":4},"end":{"line":23,"column":4}}]},"2":{"line":28,"type":"if","locations":[{"start":{"line":28,"column":4},"end":{"line":28,"column":4}},{"start":{"line":28,"column":4},"end":{"line":28,"column":4}}]},"3":{"line":31,"type":"if","locations":[{"start":{"line":31,"column":12},"end":{"line":31,"column":12}},{"start":{"line":31,"column":12},"end":{"line":31,"column":12}}]},"4":{"line":39,"type":"if","locations":[{"start":{"line":39,"column":4},"end":{"line":39,"column":4}},{"start":{"line":39,"column":4},"end":{"line":39,"column":4}}]},"5":{"line":40,"type":"if","locations":[{"start":{"line":40,"column":8},"end":{"line":40,"column":8}},{"start":{"line":40,"column":8},"end":{"line":40,"column":8}}]},"6":{"line":44,"type":"if","locations":[{"start":{"line":44,"column":12},"end":{"line":44,"column":12}},{"start":{"line":44,"column":12},"end":{"line":44,"column":12}}]},"7":{"line":51,"type":"if","locations":[{"start":{"line":51,"column":4},"end":{"line":51,"column":4}},{"start":{"line":51,"column":4},"end":{"line":51,"column":4}}]},"8":{"line":51,"type":"binary-expr","locations":[{"start":{"line":51,"column":8},"end":{"line":51,"column":25}},{"start":{"line":51,"column":29},"end":{"line":51,"column":53}}]},"9":{"line":55,"type":"if","locations":[{"start":{"line":55,"column":4},"end":{"line":55,"column":4}},{"start":{"line":55,"column":4},"end":{"line":55,"column":4}}]},"10":{"line":55,"type":"binary-expr","locations":[{"start":{"line":55,"column":8},"end":{"line":55,"column":28}},{"start":{"line":55,"column":32},"end":{"line":55,"column":54}}]},"11":{"line":57,"type":"if","locations":[{"start":{"line":57,"column":11},"end":{"line":57,"column":11}},{"start":{"line":57,"column":11},"end":{"line":57,"column":11}}]},"12":{"line":57,"type":"binary-expr","locations":[{"start":{"line":57,"column":15},"end":{"line":57,"column":36}},{"start":{"line":57,"column":40},"end":{"line":57,"column":63}}]}},"code":["/**"," * Copyright JS Foundation and other contributors, http://js.foundation"," *"," * Licensed under the Apache License, Version 2.0 (the \"License\");"," * you may not use this file except in compliance with the License."," * You may obtain a copy of the License at"," *"," * http://www.apache.org/licenses/LICENSE-2.0"," *"," * Unless required by applicable law or agreed to in writing, software"," * distributed under the License is distributed on an \"AS IS\" BASIS,"," * WITHOUT WARRANTIES OR CONDITIONS OF ANY KIND, either express or implied."," * See the License for the specific language governing permissions and"," * limitations under the License."," **/","","var util = require('util');","","var readRE = /^((.+)\\.)?read$/","var writeRE = /^((.+)\\.)?write$/","","function hasPermission(userScope,permission) {","    if (permission === \"\") {","        return true;","    }","    var i;","","    if (util.isArray(permission)) {","        // Multiple permissions requested - check each one","        for (i=0;i<permission.length;i++) {","            if (!hasPermission(userScope,permission[i])) {","                return false;","            }","        }","        // All permissions check out","        return true;","    }","","    if (util.isArray(userScope)) {","        if (userScope.length === 0) {","            return false;","        }","        for (i=0;i<userScope.length;i++) {","            if (hasPermission(userScope[i],permission)) {","                return true;","            }","        }","        return false;","    }","","    if (userScope === \"*\" || userScope === permission) {","        return true;","    }","","    if (userScope === \"read\" || userScope === \"*.read\") {","        return readRE.test(permission);","    } else if (userScope === \"write\" || userScope === \"*.write\") {","        return writeRE.test(permission);","    }","    return false;","}","","module.exports = {","    hasPermission: hasPermission,","}",""],"l":{"17":1,"19":1,"20":1,"22":1,"23":0,"24":0,"26":0,"28":0,"30":0,"31":0,"32":0,"36":0,"39":0,"40":0,"41":0,"43":0,"44":0,"45":0,"48":0,"51":0,"52":0,"55":0,"56":0,"57":0,"58":0,"60":0,"63":1}},"/home/travis/build/npmtest/node-npmtest-node-red/node-red/red/api/info.js":{"path":"/home/travis/build/npmtest/node-npmtest-node-red/node-red/red/api/info.js","s":{"1":1,"2":1,"3":1,"4":1,"5":1,"6":0,"7":0,"8":0,"9":0,"10":0,"11":0,"12":0,"13":0,"14":0,"15":0,"16":0,"17":0,"18":0,"19":0,"20":0},"b":{"1":[0,0],"2":[0,0],"3":[0,0],"4":[0,0],"5":[0,0],"6":[0,0],"7":[0,0]},"f":{"1":0,"2":0},"fnMap":{"1":{"name":"(anonymous_1)","line":22,"loc":{"start":{"line":22,"column":10},"end":{"line":22,"column":29}}},"2":{"name":"(anonymous_2)","line":26,"loc":{"start":{"line":26,"column":14},"end":{"line":26,"column":32}}}},"statementMap":{"1":{"start":{"line":16,"column":0},"end":{"line":16,"column":31}},"2":{"start":{"line":17,"column":0},"end":{"line":17,"column":27}},"3":{"start":{"line":18,"column":0},"end":{"line":18,"column":12}},"4":{"start":{"line":19,"column":0},"end":{"line":19,"column":13}},"5":{"start":{"line":21,"column":0},"end":{"line":54,"column":1}},"6":{"start":{"line":23,"column":8},"end":{"line":23,"column":27}},"7":{"start":{"line":24,"column":8},"end":{"line":24,"column":36}},"8":{"start":{"line":27,"column":8},"end":{"line":31,"column":9}},"9":{"start":{"line":33,"column":8},"end":{"line":33,"column":45}},"10":{"start":{"line":34,"column":8},"end":{"line":36,"column":9}},"11":{"start":{"line":35,"column":12},"end":{"line":35,"column":53}},"12":{"start":{"line":38,"column":8},"end":{"line":40,"column":9}},"13":{"start":{"line":39,"column":12},"end":{"line":39,"column":72}},"14":{"start":{"line":42,"column":8},"end":{"line":44,"column":9}},"15":{"start":{"line":43,"column":12},"end":{"line":43,"column":66}},"16":{"start":{"line":46,"column":8},"end":{"line":50,"column":9}},"17":{"start":{"line":47,"column":12},"end":{"line":47,"column":70}},"18":{"start":{"line":48,"column":12},"end":{"line":48,"column":86}},"19":{"start":{"line":49,"column":12},"end":{"line":49,"column":62}},"20":{"start":{"line":52,"column":8},"end":{"line":52,"column":31}}},"branchMap":{"1":{"line":28,"type":"binary-expr","locations":[{"start":{"line":28,"column":26},"end":{"line":28,"column":47}},{"start":{"line":28,"column":49},"end":{"line":28,"column":52}}]},"2":{"line":34,"type":"if","locations":[{"start":{"line":34,"column":8},"end":{"line":34,"column":8}},{"start":{"line":34,"column":8},"end":{"line":34,"column":8}}]},"3":{"line":38,"type":"if","locations":[{"start":{"line":38,"column":8},"end":{"line":38,"column":8}},{"start":{"line":38,"column":8},"end":{"line":38,"column":8}}]},"4":{"line":42,"type":"if","locations":[{"start":{"line":42,"column":8},"end":{"line":42,"column":8}},{"start":{"line":42,"column":8},"end":{"line":42,"column":8}}]},"5":{"line":46,"type":"if","locations":[{"start":{"line":46,"column":8},"end":{"line":46,"column":8}},{"start":{"line":46,"column":8},"end":{"line":46,"column":8}}]},"6":{"line":47,"type":"binary-expr","locations":[{"start":{"line":47,"column":39},"end":{"line":47,"column":63}},{"start":{"line":47,"column":67},"end":{"line":47,"column":69}}]},"7":{"line":48,"type":"binary-expr","locations":[{"start":{"line":48,"column":47},"end":{"line":48,"column":79}},{"start":{"line":48,"column":83},"end":{"line":48,"column":85}}]}},"code":["/**"," * Copyright JS Foundation and other contributors, http://js.foundation"," *"," * Licensed under the Apache License, Version 2.0 (the \"License\");"," * you may not use this file except in compliance with the License."," * You may obtain a copy of the License at"," *"," * http://www.apache.org/licenses/LICENSE-2.0"," *"," * Unless required by applicable law or agreed to in writing, software"," * distributed under the License is distributed on an \"AS IS\" BASIS,"," * WITHOUT WARRANTIES OR CONDITIONS OF ANY KIND, either express or implied."," * See the License for the specific language governing permissions and"," * limitations under the License."," **/","var theme = require(\"./theme\");","var util = require('util');","var runtime;","var settings;","","module.exports = {","    init: function(_runtime) {","        runtime = _runtime;","        settings = runtime.settings;","    },","    settings: function(req,res) {","        var safeSettings = {","            httpNodeRoot: settings.httpNodeRoot||\"/\",","            version: settings.version,","            user: req.user","        }","","        var themeSettings = theme.settings();","        if (themeSettings) {","            safeSettings.editorTheme = themeSettings;","        }","","        if (util.isArray(settings.paletteCategories)) {","            safeSettings.paletteCategories = settings.paletteCategories;","        }","","        if (settings.flowFilePretty) {","            safeSettings.flowFilePretty = settings.flowFilePretty;","        }","","        if (!runtime.nodes.paletteEditorEnabled()) {","            safeSettings.editorTheme = safeSettings.editorTheme || {};","            safeSettings.editorTheme.palette = safeSettings.editorTheme.palette || {};","            safeSettings.editorTheme.palette.editable = false;","        }","","        res.json(safeSettings);","    }","}",""],"l":{"16":1,"17":1,"18":1,"19":1,"21":1,"23":0,"24":0,"27":0,"33":0,"34":0,"35":0,"38":0,"39":0,"42":0,"43":0,"46":0,"47":0,"48":0,"49":0,"52":0}},"/home/travis/build/npmtest/node-npmtest-node-red/node-red/red/api/credentials.js":{"path":"/home/travis/build/npmtest/node-npmtest-node-red/node-red/red/api/credentials.js","s":{"1":1,"2":1,"3":1,"4":0,"5":0,"6":0,"7":0,"8":0,"9":0,"10":0,"11":0,"12":0,"13":0,"14":0,"15":0,"16":0,"17":0,"18":0,"19":0,"20":0,"21":0,"22":0},"b":{"1":[0,0],"2":[0,0],"3":[0,0],"4":[0,0],"5":[0,0]},"f":{"1":0,"2":0},"fnMap":{"1":{"name":"(anonymous_1)","line":21,"loc":{"start":{"line":21,"column":10},"end":{"line":21,"column":28}}},"2":{"name":"(anonymous_2)","line":25,"loc":{"start":{"line":25,"column":9},"end":{"line":25,"column":29}}}},"statementMap":{"1":{"start":{"line":17,"column":0},"end":{"line":17,"column":8}},"2":{"start":{"line":18,"column":0},"end":{"line":18,"column":8}},"3":{"start":{"line":20,"column":0},"end":{"line":52,"column":1}},"4":{"start":{"line":22,"column":8},"end":{"line":22,"column":26}},"5":{"start":{"line":23,"column":8},"end":{"line":23,"column":28}},"6":{"start":{"line":29,"column":8},"end":{"line":29,"column":39}},"7":{"start":{"line":30,"column":8},"end":{"line":30,"column":35}},"8":{"start":{"line":31,"column":8},"end":{"line":31,"column":74}},"9":{"start":{"line":32,"column":8},"end":{"line":32,"column":53}},"10":{"start":{"line":33,"column":8},"end":{"line":36,"column":9}},"11":{"start":{"line":34,"column":12},"end":{"line":34,"column":25}},"12":{"start":{"line":35,"column":12},"end":{"line":35,"column":19}},"13":{"start":{"line":37,"column":8},"end":{"line":37,"column":63}},"14":{"start":{"line":39,"column":8},"end":{"line":39,"column":33}},"15":{"start":{"line":40,"column":8},"end":{"line":49,"column":9}},"16":{"start":{"line":41,"column":12},"end":{"line":48,"column":13}},"17":{"start":{"line":42,"column":16},"end":{"line":46,"column":17}},"18":{"start":{"line":43,"column":20},"end":{"line":43,"column":44}},"19":{"start":{"line":44,"column":20},"end":{"line":44,"column":97}},"20":{"start":{"line":45,"column":20},"end":{"line":45,"column":29}},"21":{"start":{"line":47,"column":16},"end":{"line":47,"column":64}},"22":{"start":{"line":50,"column":8},"end":{"line":50,"column":34}}},"branchMap":{"1":{"line":33,"type":"if","locations":[{"start":{"line":33,"column":8},"end":{"line":33,"column":8}},{"start":{"line":33,"column":8},"end":{"line":33,"column":8}}]},"2":{"line":41,"type":"if","locations":[{"start":{"line":41,"column":12},"end":{"line":41,"column":12}},{"start":{"line":41,"column":12},"end":{"line":41,"column":12}}]},"3":{"line":42,"type":"if","locations":[{"start":{"line":42,"column":16},"end":{"line":42,"column":16}},{"start":{"line":42,"column":16},"end":{"line":42,"column":16}}]},"4":{"line":44,"type":"binary-expr","locations":[{"start":{"line":44,"column":43},"end":{"line":44,"column":68}},{"start":{"line":44,"column":72},"end":{"line":44,"column":96}}]},"5":{"line":47,"type":"binary-expr","locations":[{"start":{"line":47,"column":40},"end":{"line":47,"column":57}},{"start":{"line":47,"column":61},"end":{"line":47,"column":63}}]}},"code":["/**"," * Copyright JS Foundation and other contributors, http://js.foundation"," *"," * Licensed under the Apache License, Version 2.0 (the \"License\");"," * you may not use this file except in compliance with the License."," * You may obtain a copy of the License at"," *"," * http://www.apache.org/licenses/LICENSE-2.0"," *"," * Unless required by applicable law or agreed to in writing, software"," * distributed under the License is distributed on an \"AS IS\" BASIS,"," * WITHOUT WARRANTIES OR CONDITIONS OF ANY KIND, either express or implied."," * See the License for the specific language governing permissions and"," * limitations under the License."," **/","","var log;","var api;","","module.exports = {","    init: function(runtime) {","        log = runtime.log;","        api = runtime.nodes;","    },","    get: function (req, res) {","        // TODO: It should verify the given node id is of the type specified -","        //       but that would add a dependency from this module to the","        //       registry module that knows about node types.","        var nodeType = req.params.type;","        var nodeID = req.params.id;","        log.audit({event: \"credentials.get\",type:nodeType,id:nodeID},req);","        var credentials = api.getCredentials(nodeID);","        if (!credentials) {","            res.json({});","            return;","        }","        var definition = api.getCredentialDefinition(nodeType);","","        var sendCredentials = {};","        for (var cred in definition) {","            if (definition.hasOwnProperty(cred)) {","                if (definition[cred].type == \"password\") {","                    var key = 'has_' + cred;","                    sendCredentials[key] = credentials[cred] != null && credentials[cred] !== '';","                    continue;","                }","                sendCredentials[cred] = credentials[cred] || '';","            }","        }","        res.json(sendCredentials);","    }","}",""],"l":{"17":1,"18":1,"20":1,"22":0,"23":0,"29":0,"30":0,"31":0,"32":0,"33":0,"34":0,"35":0,"37":0,"39":0,"40":0,"41":0,"42":0,"43":0,"44":0,"45":0,"47":0,"50":0}}}